==============================================================================
fleetsim.v200.pl v2.00a
Command line: 
Run Date/Time: 2019-05-09 12:15:53
Running simulation.  Type 'Ctrl C' at anytime to end simulation.
Reading truck route info ...
Reading warehouse info...
Warehouse Name: Quidi Vidi Brewery; Lat: 47.58136; Long: -52.67638
Resetting all trucks...
Truck : 47.58136,-52.67638; Accident=0; Door=0; TempC=20.0
Truck : 47.58136,-52.67638; Accident=0; Door=0; TempC=20.0
Truck : 47.58136,-52.67638; Accident=0; Door=0; TempC=20.0
Truck : 47.58136,-52.67638; Accident=0; Door=0; TempC=20.0
Reading sensor config file...
Reading AppIoT config file...
Logging in to AppIoT gateway cbb4fa1d-7670-4c57-a94e-e7fb0d1bcfdf
Simulation starts in:
5 seconds...
4 seconds...
3 seconds...
2 seconds...
1 seconds...
4 Trucks are on the way!
Truck data will update every 5 seconds for a maximum of 3600 seconds (~720 samples/truck)...
Warning: Sensor Accident not defined.
Warning: Sensor Door not defined.
Warning: Sensor Temperature not defined.
Truck : 47.58136,-52.67638; Accident=0; Door=0; TempC=0
Truck : 47.58136,-52.67638; Accident=0; Door=0; TempC=20.0
Truck : 47.58136,-52.67638; Accident=0; Door=0; TempC=20.0
Truck : 47.58136,-52.67638; Accident=0; Door=0; TempC=20.0
Warning: Sensor Accident not defined.
Warning: Sensor Door not defined.
Warning: Sensor Temperature not defined.
Truck : 47.58163,-52.67781; Accident=0; Door=0; TempC=0
Truck : 47.58163,-52.67781; Accident=0; Door=0; TempC=20.0
Truck : 47.58146,-52.67653; Accident=0; Door=0; TempC=20.0
Truck : 47.58146,-52.67653; Accident=0; Door=0; TempC=20.0
Warning: Sensor Accident not defined.
Warning: Sensor Door not defined.
Warning: Sensor Temperature not defined.
Truck : 47.58158,-52.67874; Accident=0; Door=0; TempC=0
Truck : 47.58158,-52.67874; Accident=0; Door=0; TempC=19.7
Truck : 47.58155,-52.67675; Accident=0; Door=0; TempC=20.0
Truck : 47.58155,-52.67675; Accident=0; Door=0; TempC=20.0
Warning: Sensor Accident not defined.
Warning: Sensor Door not defined.
Warning: Sensor Temperature not defined.
Truck : 47.58312,-52.67874; Accident=0; Door=0; TempC=0
Truck : 47.58135,-52.67971; Accident=0; Door=0; TempC=20.4
Truck : 47.58160,-52.67696; Accident=0; Door=0; TempC=20.0
Truck : 47.58160,-52.67696; Accident=0; Door=0; TempC=20.0
Warning: Sensor Accident not defined.
Warning: Sensor Door not defined.
Warning: Sensor Temperature not defined.
Truck : 47.58449,-52.68034; Accident=0; Door=0; TempC=0
Truck : 47.58133,-52.68071; Accident=0; Door=0; TempC=20.4
Truck : 47.58161,-52.67717; Accident=0; Door=0; TempC=20.8
Truck : 47.58161,-52.67717; Accident=0; Door=0; TempC=20.0
Warning: Sensor Accident not defined.
Warning: Sensor Door not defined.
Warning: Sensor Temperature not defined.
Truck : 47.58488,-52.68121; Accident=0; Door=0; TempC=0
Truck : 47.58131,-52.68169; Accident=0; Door=0; TempC=20.4
Truck : 47.58163,-52.67781; Accident=0; Door=0; TempC=20.8
Truck : 47.58163,-52.67781; Accident=0; Door=0; TempC=20.0
Warning: Sensor Accident not defined.
Warning: Sensor Door not defined.
Warning: Sensor Temperature not defined.
Truck : 47.58471,-52.68278; Accident=0; Door=0; TempC=0
Truck : 47.58060,-52.68289; Accident=0; Door=0; TempC=20.4
Truck : 47.58171,-52.67804; Accident=0; Door=0; TempC=20.8
Truck : 47.58171,-52.67804; Accident=0; Door=0; TempC=20.0
Warning: Sensor Accident not defined.
Warning: Sensor Door not defined.
Warning: Sensor Temperature not defined.
Truck : 47.58449,-52.68403; Accident=0; Door=0; TempC=0
Truck : 47.57982,-52.68474; Accident=0; Door=0; TempC=20.4
Truck : 47.58180,-52.67819; Accident=0; Door=0; TempC=20.8
Truck : 47.58180,-52.67819; Accident=0; Door=0; TempC=20.3
Warning: Sensor Accident not defined.
Warning: Sensor Door not defined.
Warning: Sensor Temperature not defined.
Truck : 47.58662,-52.68422; Accident=0; Door=0; TempC=0
Truck : 47.57830,-52.68957; Accident=0; Door=0; TempC=20.4
Truck : 47.58167,-52.67850; Accident=0; Door=0; TempC=20.8
Truck : 47.58167,-52.67850; Accident=0; Door=0; TempC=20.3
Warning: Sensor Accident not defined.
Warning: Sensor Door not defined.
Warning: Sensor Temperature not defined.
Truck : 47.58811,-52.68444; Accident=0; Door=0; TempC=0
Truck : 47.57684,-52.69400; Accident=0; Door=0; TempC=20.4
Truck : 47.58158,-52.67874; Accident=0; Door=0; TempC=20.8
Truck : 47.58158,-52.67874; Accident=0; Door=0; TempC=20.3
Warning: Sensor Accident not defined.
Warning: Sensor Door not defined.
Warning: Sensor Temperature not defined.
Truck : 47.58986,-52.68579; Accident=0; Door=0; TempC=0
Truck : 47.57602,-52.69585; Accident=0; Door=0; TempC=20.4
Truck : 47.58153,-52.67897; Accident=0; Door=0; TempC=20.2
Truck : 47.58153,-52.67897; Accident=0; Door=0; TempC=20.8
Warning: Sensor Accident not defined.
Warning: Sensor Door not defined.
Warning: Sensor Temperature not defined.
Truck : 47.59131,-52.68628; Accident=0; Door=0; TempC=0
Truck : 47.57503,-52.69803; Accident=0; Door=0; TempC=20.4
Truck : 47.58152,-52.67907; Accident=0; Door=0; TempC=20.2
Truck : 47.58152,-52.67907; Accident=0; Door=0; TempC=20.8
Warning: Sensor Accident not defined.
Warning: Sensor Door not defined.
Warning: Sensor Temperature not defined.
Truck : 47.59226,-52.68722; Accident=0; Door=0; TempC=0
Truck : 47.57429,-52.69934; Accident=0; Door=0; TempC=20.4
Truck : 47.58146,-52.67918; Accident=0; Door=0; TempC=20.2
Truck : 47.58160,-52.67898; Accident=0; Door=0; TempC=20.8
Warning: Sensor Accident not defined.
Warning: Sensor Door not defined.
Warning: Sensor Temperature not defined.
Truck : 47.59376,-52.68800; Accident=0; Door=0; TempC=0
Truck : 47.57512,-52.70208; Accident=0; Door=0; TempC=20.5
Truck : 47.58140,-52.67938; Accident=0; Door=0; TempC=19.5
Truck : 47.58180,-52.67883; Accident=0; Door=0; TempC=20.8
Warning: Sensor Accident not defined.
Warning: Sensor Door not defined.
Warning: Sensor Temperature not defined.
Truck : 47.59480,-52.68900; Accident=0; Door=0; TempC=0
Truck : 47.57507,-52.70324; Accident=0; Door=0; TempC=21.4
Truck : 47.58135,-52.67971; Accident=0; Door=0; TempC=19.5
Truck : 47.58195,-52.67875; Accident=0; Door=0; TempC=20.8
Warning: Sensor Accident not defined.
Warning: Sensor Door not defined.
Warning: Sensor Temperature not defined.
Truck : 47.59541,-52.69030; Accident=0; Door=0; TempC=0
Truck : 47.57458,-52.70418; Accident=0; Door=0; TempC=20.4
Truck : 47.58133,-52.68071; Accident=0; Door=0; TempC=19.5
Truck : 47.58213,-52.67869; Accident=0; Door=0; TempC=20.8
Warning: Sensor Accident not defined.
Warning: Sensor Door not defined.
Warning: Sensor Temperature not defined.
Truck : 47.59568,-52.69130; Accident=0; Door=0; TempC=0
Truck : 47.57343,-52.70786; Accident=0; Door=0; TempC=20.4
Truck : 47.58136,-52.68124; Accident=0; Door=0; TempC=19.5
Truck : 47.58229,-52.67867; Accident=0; Door=0; TempC=20.8
Warning: Sensor Accident not defined.
Warning: Sensor Door not defined.
Warning: Sensor Temperature not defined.
Truck : 47.59592,-52.69263; Accident=0; Door=0; TempC=0
Truck : 47.57204,-52.70726; Accident=0; Door=0; TempC=20.4
Truck : 47.58136,-52.68147; Accident=0; Door=0; TempC=19.5
Truck : 47.58260,-52.67873; Accident=0; Door=0; TempC=20.8
Warning: Sensor Accident not defined.
Warning: Sensor Door not defined.
Warning: Sensor Temperature not defined.
Truck : 47.59628,-52.69355; Accident=0; Door=0; TempC=0
Truck : 47.57091,-52.70595; Accident=0; Door=1; TempC=20.5
Truck : 47.58131,-52.68169; Accident=0; Door=0; TempC=19.5
Truck : 47.58277,-52.67872; Accident=0; Door=0; TempC=20.3
Warning: Sensor Accident not defined.
Warning: Sensor Door not defined.
Warning: Sensor Temperature not defined.
Truck : 47.59705,-52.69485; Accident=0; Door=0; TempC=0
Truck : 47.57091,-52.70595; Accident=0; Door=1; TempC=20.6
Truck : 47.58085,-52.68243; Accident=1; Door=0; TempC=19.5
Truck : 47.58293,-52.67873; Accident=0; Door=0; TempC=20.3
Warning: Sensor Accident not defined.
Warning: Sensor Door not defined.
Warning: Sensor Temperature not defined.
Truck : 47.59779,-52.69691; Accident=0; Door=0; TempC=0
Truck : 47.57091,-52.70595; Accident=0; Door=1; TempC=20.7
Truck : 47.58085,-52.68243; Accident=1; Door=0; TempC=19.5
Truck : 47.58312,-52.67874; Accident=0; Door=0; TempC=20.3
Warning: Sensor Accident not defined.
Warning: Sensor Door not defined.
Warning: Sensor Temperature not defined.
Truck : 47.59822,-52.69799; Accident=0; Door=0; TempC=0
Truck : 47.57091,-52.70595; Accident=0; Door=1; TempC=20.8
Truck : 47.58085,-52.68243; Accident=1; Door=0; TempC=18.9
Truck : 47.58332,-52.67880; Accident=0; Door=0; TempC=20.3
Warning: Sensor Accident not defined.
Warning: Sensor Door not defined.
Warning: Sensor Temperature not defined.
Truck : 47.59892,-52.69970; Accident=0; Door=0; TempC=0
Truck : 47.57091,-52.70595; Accident=0; Door=1; TempC=20.9
Truck : 47.58085,-52.68243; Accident=1; Door=0; TempC=18.9
Truck : 47.58345,-52.67886; Accident=0; Door=0; TempC=20.1
Warning: Sensor Accident not defined.
Warning: Sensor Door not defined.
Warning: Sensor Temperature not defined.
Truck : 47.59981,-52.70066; Accident=0; Door=0; TempC=0
Truck : 47.57091,-52.70595; Accident=0; Door=1; TempC=21.0
Truck : 47.58085,-52.68243; Accident=1; Door=0; TempC=18.9
Truck : 47.58354,-52.67892; Accident=0; Door=0; TempC=20.1
Warning: Sensor Accident not defined.
Warning: Sensor Door not defined.
Warning: Sensor Temperature not defined.
Truck : 47.60086,-52.70154; Accident=0; Door=0; TempC=0
Truck : 47.57091,-52.70595; Accident=0; Door=0; TempC=20.6
Truck : 47.58085,-52.68243; Accident=1; Door=0; TempC=18.9
Truck : 47.58382,-52.67929; Accident=0; Door=0; TempC=20.1
Warning: Sensor Accident not defined.
Warning: Sensor Door not defined.
Warning: Sensor Temperature not defined.
Truck : 47.60156,-52.70257; Accident=0; Door=0; TempC=0
Truck : 47.57008,-52.70706; Accident=0; Door=0; TempC=21.2
Truck : 47.58085,-52.68243; Accident=1; Door=0; TempC=19.9
Truck : 47.58449,-52.68034; Accident=0; Door=1; TempC=20.2
Warning: Sensor Accident not defined.
Warning: Sensor Door not defined.
Warning: Sensor Temperature not defined.
Truck : 47.60159,-52.70360; Accident=0; Door=0; TempC=0
Truck : 47.56906,-52.70800; Accident=0; Door=0; TempC=21.2
Truck : 47.58085,-52.68243; Accident=1; Door=0; TempC=20.3
Truck : 47.58449,-52.68034; Accident=0; Door=1; TempC=20.3
Warning: Sensor Accident not defined.
Warning: Sensor Door not defined.
Warning: Sensor Temperature not defined.
Truck : 47.60138,-52.70580; Accident=0; Door=0; TempC=0
Truck : 47.56738,-52.70927; Accident=0; Door=0; TempC=21.2
Truck : 47.58085,-52.68243; Accident=1; Door=0; TempC=20.3
Truck : 47.58449,-52.68034; Accident=0; Door=1; TempC=20.4
Warning: Sensor Accident not defined.
Warning: Sensor Door not defined.
Warning: Sensor Temperature not defined.
Truck : 47.60127,-52.70678; Accident=0; Door=0; TempC=0
Truck : 47.56692,-52.71017; Accident=0; Door=0; TempC=21.4
Truck : 47.58085,-52.68243; Accident=1; Door=0; TempC=20.3
Truck : 47.58449,-52.68034; Accident=0; Door=1; TempC=20.5
Warning: Sensor Accident not defined.
Warning: Sensor Door not defined.
Warning: Sensor Temperature not defined.
Truck : 47.60073,-52.70822; Accident=0; Door=0; TempC=0
Truck : 47.56588,-52.71093; Accident=0; Door=0; TempC=21.4
Truck : 47.58085,-52.68243; Accident=1; Door=0; TempC=20.3
Truck : 47.58449,-52.68034; Accident=0; Door=1; TempC=20.6
Warning: Sensor Accident not defined.
Warning: Sensor Door not defined.
Warning: Sensor Temperature not defined.
Truck : 47.60006,-52.70941; Accident=0; Door=0; TempC=0
Truck : 47.56492,-52.71260; Accident=0; Door=0; TempC=21.4
Truck : 47.58085,-52.68243; Accident=1; Door=0; TempC=20.3
Truck : 47.58449,-52.68034; Accident=0; Door=1; TempC=20.7
Warning: Sensor Accident not defined.
Warning: Sensor Door not defined.
Warning: Sensor Temperature not defined.
Truck : 47.59965,-52.71033; Accident=0; Door=0; TempC=0
Truck : 47.56431,-52.71464; Accident=0; Door=0; TempC=21.4
Truck : 47.58085,-52.68243; Accident=0; Door=0; TempC=20.2
Truck : 47.58449,-52.68034; Accident=0; Door=0; TempC=21.0
Warning: Sensor Accident not defined.
Warning: Sensor Door not defined.
Warning: Sensor Temperature not defined.
Truck : 47.59918,-52.71150; Accident=0; Door=0; TempC=0
Truck : 47.56405,-52.71573; Accident=0; Door=0; TempC=22.2
Truck : 47.58060,-52.68289; Accident=0; Door=0; TempC=20.2
Truck : 47.58469,-52.68067; Accident=0; Door=0; TempC=21.0
Warning: Sensor Accident not defined.
Warning: Sensor Door not defined.
Warning: Sensor Temperature not defined.
Truck : 47.59891,-52.71246; Accident=0; Door=0; TempC=0
Truck : 47.56386,-52.71665; Accident=0; Door=0; TempC=22.2
Truck : 47.57982,-52.68474; Accident=0; Door=0; TempC=20.2
Truck : 47.58480,-52.68093; Accident=0; Door=0; TempC=21.0
Warning: Sensor Accident not defined.
Warning: Sensor Door not defined.
Warning: Sensor Temperature not defined.
Truck : 47.59883,-52.71351; Accident=0; Door=0; TempC=0
Truck : 47.56367,-52.71836; Accident=0; Door=0; TempC=22.0
Truck : 47.57953,-52.68561; Accident=0; Door=0; TempC=20.2
Truck : 47.58488,-52.68121; Accident=0; Door=0; TempC=21.0
Warning: Sensor Accident not defined.
Warning: Sensor Door not defined.
Warning: Sensor Temperature not defined.
Truck : 47.59860,-52.71454; Accident=0; Door=0; TempC=0
Truck : 47.56482,-52.71973; Accident=0; Door=0; TempC=21.5
Truck : 47.57830,-52.68957; Accident=0; Door=0; TempC=20.2
Truck : 47.58492,-52.68150; Accident=0; Door=0; TempC=21.0
Warning: Sensor Accident not defined.
Warning: Sensor Door not defined.
Warning: Sensor Temperature not defined.
Truck : 47.59772,-52.71675; Accident=0; Door=0; TempC=0
Truck : 47.56587,-52.72045; Accident=0; Door=0; TempC=21.5
Truck : 47.57684,-52.69400; Accident=0; Door=0; TempC=19.9
Truck : 47.58491,-52.68176; Accident=0; Door=0; TempC=21.0
Warning: Sensor Accident not defined.
Warning: Sensor Door not defined.
Warning: Sensor Temperature not defined.
Truck : 47.59735,-52.71797; Accident=0; Door=0; TempC=0
Truck : 47.56711,-52.72132; Accident=0; Door=0; TempC=21.4
Truck : 47.57656,-52.69471; Accident=0; Door=0; TempC=20.1
Truck : 47.58471,-52.68278; Accident=0; Door=0; TempC=21.0
Warning: Sensor Accident not defined.
Warning: Sensor Door not defined.
Warning: Sensor Temperature not defined.
Truck : 47.59731,-52.71910; Accident=0; Door=0; TempC=0
Truck : 47.56810,-52.72201; Accident=0; Door=0; TempC=21.4
Truck : 47.57602,-52.69585; Accident=0; Door=0; TempC=19.2
Truck : 47.58455,-52.68362; Accident=0; Door=0; TempC=20.4
Warning: Sensor Accident not defined.
Warning: Sensor Door not defined.
Warning: Sensor Temperature not defined.
Truck : 47.59743,-52.72121; Accident=0; Door=0; TempC=0
Truck : 47.56925,-52.72289; Accident=0; Door=0; TempC=21.5
Truck : 47.57560,-52.69671; Accident=0; Door=0; TempC=19.2
Truck : 47.58449,-52.68403; Accident=0; Door=0; TempC=20.4
Warning: Sensor Accident not defined.
Warning: Sensor Door not defined.
Warning: Sensor Temperature not defined.
Truck : 47.59727,-52.72224; Accident=0; Door=0; TempC=0
Truck : 47.57073,-52.72379; Accident=0; Door=0; TempC=21.5
Truck : 47.57469,-52.69696; Accident=0; Door=0; TempC=19.2
Truck : 47.58447,-52.68430; Accident=0; Door=0; TempC=20.4
Warning: Sensor Accident not defined.
Warning: Sensor Door not defined.
Warning: Sensor Temperature not defined.
Truck : 47.59637,-52.72399; Accident=0; Door=0; TempC=0
Truck : 47.57175,-52.72451; Accident=0; Door=0; TempC=21.5
Truck : 47.57457,-52.69701; Accident=0; Door=0; TempC=19.2
Truck : 47.58558,-52.68430; Accident=0; Door=0; TempC=19.6
Warning: Sensor Accident not defined.
Warning: Sensor Door not defined.
Warning: Sensor Temperature not defined.
Truck : 47.59549,-52.72589; Accident=0; Door=0; TempC=0
Truck : 47.57274,-52.72521; Accident=0; Door=0; TempC=21.5
Truck : 47.57437,-52.69714; Accident=0; Door=0; TempC=19.2
Truck : 47.58662,-52.68422; Accident=0; Door=0; TempC=19.6
Warning: Sensor Accident not defined.
Warning: Sensor Door not defined.
Warning: Sensor Temperature not defined.
Truck : 47.59668,-52.72724; Accident=0; Door=0; TempC=0
Truck : 47.57415,-52.72626; Accident=0; Door=0; TempC=21.5
Truck : 47.57393,-52.69750; Accident=0; Door=0; TempC=19.2
Truck : 47.58717,-52.68421; Accident=0; Door=0; TempC=19.6
Warning: Sensor Accident not defined.
Warning: Sensor Door not defined.
Warning: Sensor Temperature not defined.
Truck : 47.59786,-52.72819; Accident=0; Door=0; TempC=0
Truck : 47.57562,-52.72744; Accident=0; Door=0; TempC=21.5
Truck : 47.57384,-52.69754; Accident=1; Door=0; TempC=19.2
Truck : 47.58734,-52.68419; Accident=0; Door=0; TempC=19.6
Warning: Sensor Accident not defined.
Warning: Sensor Door not defined.
Warning: Sensor Temperature not defined.
Truck : 47.59877,-52.72913; Accident=0; Door=0; TempC=0
Truck : 47.57694,-52.72828; Accident=0; Door=0; TempC=21.5
Truck : 47.57384,-52.69754; Accident=1; Door=0; TempC=19.2
Truck : 47.58769,-52.68422; Accident=0; Door=0; TempC=19.6
Warning: Sensor Accident not defined.
Warning: Sensor Door not defined.
Warning: Sensor Temperature not defined.
Truck : 47.59947,-52.73020; Accident=0; Door=0; TempC=0
Truck : 47.57838,-52.72772; Accident=0; Door=0; TempC=21.5
Truck : 47.57384,-52.69754; Accident=1; Door=0; TempC=19.2
Truck : 47.58782,-52.68426; Accident=0; Door=0; TempC=19.6
Warning: Sensor Accident not defined.
Warning: Sensor Door not defined.
Warning: Sensor Temperature not defined.
Truck : 47.59996,-52.73135; Accident=0; Door=0; TempC=0
Truck : 47.57948,-52.72675; Accident=0; Door=0; TempC=21.8
Truck : 47.57384,-52.69754; Accident=1; Door=0; TempC=19.2
Truck : 47.58797,-52.68435; Accident=0; Door=0; TempC=19.6
Warning: Sensor Accident not defined.
Warning: Sensor Door not defined.
Warning: Sensor Temperature not defined.
Truck : 47.60032,-52.73259; Accident=0; Door=0; TempC=0
Truck : 47.58044,-52.72598; Accident=0; Door=0; TempC=21.8
Truck : 47.57384,-52.69754; Accident=1; Door=0; TempC=19.2
Truck : 47.58811,-52.68444; Accident=0; Door=0; TempC=19.6
Warning: Sensor Accident not defined.
Warning: Sensor Door not defined.
Warning: Sensor Temperature not defined.
Truck : 47.60066,-52.73388; Accident=0; Door=0; TempC=0
Truck : 47.58127,-52.72474; Accident=0; Door=0; TempC=21.8
Truck : 47.57384,-52.69754; Accident=1; Door=0; TempC=19.2
Truck : 47.58855,-52.68494; Accident=0; Door=0; TempC=19.6
Warning: Sensor Accident not defined.
Warning: Sensor Door not defined.
Warning: Sensor Temperature not defined.
Truck : 47.60155,-52.73732; Accident=0; Door=0; TempC=0
Truck : 47.58187,-52.72355; Accident=0; Door=0; TempC=21.8
Truck : 47.57384,-52.69754; Accident=1; Door=0; TempC=19.2
Truck : 47.58865,-52.68502; Accident=0; Door=0; TempC=18.9
Warning: Sensor Accident not defined.
Warning: Sensor Door not defined.
Warning: Sensor Temperature not defined.
Truck : 47.60214,-52.73932; Accident=0; Door=0; TempC=0
Truck : 47.58273,-52.72257; Accident=0; Door=0; TempC=21.8
Truck : 47.57384,-52.69754; Accident=1; Door=0; TempC=19.2
Truck : 47.58986,-52.68579; Accident=0; Door=0; TempC=19.2
Warning: Sensor Accident not defined.
Warning: Sensor Door not defined.
Warning: Sensor Temperature not defined.
Truck : 47.60247,-52.74028; Accident=0; Door=0; TempC=0
Truck : 47.58408,-52.72218; Accident=0; Door=0; TempC=21.8
Truck : 47.57384,-52.69754; Accident=1; Door=0; TempC=19.2
Truck : 47.59019,-52.68594; Accident=0; Door=0; TempC=19.2
Warning: Sensor Accident not defined.
Warning: Sensor Door not defined.
Warning: Sensor Temperature not defined.
Truck : 47.60289,-52.74115; Accident=0; Door=0; TempC=0
Truck : 47.58580,-52.72241; Accident=0; Door=0; TempC=21.8
Truck : 47.57384,-52.69754; Accident=1; Door=0; TempC=18.8
Truck : 47.59049,-52.68605; Accident=0; Door=0; TempC=19.2
Warning: Sensor Accident not defined.
Warning: Sensor Door not defined.
Warning: Sensor Temperature not defined.
Truck : 47.60379,-52.74238; Accident=0; Door=0; TempC=0
Truck : 47.58735,-52.72168; Accident=0; Door=0; TempC=21.8
Truck : 47.57384,-52.69754; Accident=1; Door=0; TempC=18.8
Truck : 47.59131,-52.68628; Accident=0; Door=0; TempC=19.2
Warning: Sensor Accident not defined.
Warning: Sensor Door not defined.
Warning: Sensor Temperature not defined.
Truck : 47.60480,-52.74318; Accident=0; Door=0; TempC=0
Truck : 47.58843,-52.72036; Accident=0; Door=0; TempC=22.4
Truck : 47.57384,-52.69754; Accident=1; Door=0; TempC=18.8
Truck : 47.59189,-52.68639; Accident=0; Door=0; TempC=19.3
Warning: Sensor Accident not defined.
Warning: Sensor Door not defined.
Warning: Sensor Temperature not defined.
Truck : 47.60658,-52.74380; Accident=0; Door=0; TempC=0
Truck : 47.59023,-52.71950; Accident=0; Door=0; TempC=22.4
Truck : 47.57384,-52.69754; Accident=0; Door=0; TempC=18.8
Truck : 47.59180,-52.68670; Accident=0; Door=0; TempC=19.3
Warning: Sensor Accident not defined.
Warning: Sensor Door not defined.
Warning: Sensor Temperature not defined.
Truck : 47.60792,-52.74421; Accident=0; Door=0; TempC=0
Truck : 47.59121,-52.71854; Accident=0; Door=0; TempC=21.7
Truck : 47.57376,-52.69757; Accident=0; Door=0; TempC=18.8
Truck : 47.59179,-52.68687; Accident=0; Door=0; TempC=20.2
Warning: Sensor Accident not defined.
Warning: Sensor Door not defined.
Warning: Sensor Temperature not defined.
Truck : 47.60903,-52.74516; Accident=0; Door=0; TempC=0
Truck : 47.59175,-52.71746; Accident=0; Door=0; TempC=21.7
Truck : 47.57283,-52.69763; Accident=0; Door=0; TempC=18.8
Truck : 47.59182,-52.68693; Accident=0; Door=0; TempC=20.2
Warning: Sensor Accident not defined.
Warning: Sensor Door not defined.
Warning: Sensor Temperature not defined.
Truck : 47.60970,-52.74624; Accident=0; Door=0; TempC=0
Truck : 47.59203,-52.71619; Accident=0; Door=0; TempC=21.7
Truck : 47.57240,-52.69765; Accident=0; Door=0; TempC=18.8
Truck : 47.59187,-52.68698; Accident=0; Door=0; TempC=20.2
Warning: Sensor Accident not defined.
Warning: Sensor Door not defined.
Warning: Sensor Temperature not defined.
Truck : 47.61008,-52.74735; Accident=0; Door=0; TempC=0
Truck : 47.59265,-52.71308; Accident=0; Door=0; TempC=21.5
Truck : 47.57223,-52.69770; Accident=0; Door=0; TempC=18.8
Truck : 47.59226,-52.68722; Accident=0; Door=0; TempC=20.2
Warning: Sensor Accident not defined.
Warning: Sensor Door not defined.
Warning: Sensor Temperature not defined.
Truck : 47.61073,-52.75053; Accident=0; Door=0; TempC=0
Truck : 47.59294,-52.71146; Accident=0; Door=0; TempC=21.5
Truck : 47.57218,-52.69770; Accident=0; Door=0; TempC=18.8
Truck : 47.59253,-52.68736; Accident=0; Door=0; TempC=20.3
Warning: Sensor Accident not defined.
Warning: Sensor Door not defined.
Warning: Sensor Temperature not defined.
Truck : 47.61124,-52.75139; Accident=0; Door=0; TempC=0
Truck : 47.59299,-52.70949; Accident=0; Door=0; TempC=21.5
Truck : 47.57164,-52.69758; Accident=0; Door=0; TempC=18.3
Truck : 47.59376,-52.68800; Accident=0; Door=0; TempC=20.3
Warning: Sensor Accident not defined.
Warning: Sensor Door not defined.
Warning: Sensor Temperature not defined.
Truck : 47.61238,-52.75081; Accident=0; Door=0; TempC=0
Truck : 47.59448,-52.70945; Accident=0; Door=0; TempC=21.5
Truck : 47.57161,-52.69786; Accident=0; Door=0; TempC=18.3
Truck : 47.59409,-52.68820; Accident=0; Door=0; TempC=20.3
Warning: Sensor Accident not defined.
Warning: Sensor Door not defined.
Warning: Sensor Temperature not defined.
Truck : 47.61285,-52.74968; Accident=0; Door=0; TempC=0
Truck : 47.59706,-52.71043; Accident=0; Door=0; TempC=21.5
Truck : 47.57084,-52.69745; Accident=0; Door=0; TempC=18.3
Truck : 47.59418,-52.68827; Accident=0; Door=0; TempC=20.3
Warning: Sensor Accident not defined.
Warning: Sensor Door not defined.
Warning: Sensor Temperature not defined.
Truck : 47.61255,-52.74828; Accident=0; Door=0; TempC=0
Truck : 47.59873,-52.71125; Accident=0; Door=0; TempC=21.5
Truck : 47.57083,-52.69750; Accident=0; Door=0; TempC=18.3
Truck : 47.59448,-52.68858; Accident=0; Door=0; TempC=20.3
Warning: Sensor Accident not defined.
Warning: Sensor Door not defined.
Warning: Sensor Temperature not defined.
Truck : 47.61063,-52.74484; Accident=0; Door=0; TempC=0
Truck : 47.59991,-52.71208; Accident=0; Door=0; TempC=21.5
Truck : 47.57057,-52.69819; Accident=0; Door=0; TempC=18.2
Truck : 47.59480,-52.68900; Accident=0; Door=0; TempC=19.9
Warning: Sensor Accident not defined.
Warning: Sensor Door not defined.
Warning: Sensor Temperature not defined.
Truck : 47.61014,-52.74389; Accident=0; Door=0; TempC=0
Truck : 47.60074,-52.71294; Accident=0; Door=0; TempC=21.5
Truck : 47.56959,-52.70047; Accident=0; Door=0; TempC=18.2
Truck : 47.59501,-52.68935; Accident=0; Door=0; TempC=20.7
Warning: Sensor Accident not defined.
Warning: Sensor Door not defined.
Warning: Sensor Temperature not defined.
Truck : 47.60994,-52.74288; Accident=0; Door=0; TempC=0
Truck : 47.60138,-52.71380; Accident=0; Door=0; TempC=21.0
Truck : 47.56922,-52.70118; Accident=0; Door=0; TempC=18.2
Truck : 47.59515,-52.68965; Accident=0; Door=0; TempC=20.7
Warning: Sensor Accident not defined.
Warning: Sensor Door not defined.
Warning: Sensor Temperature not defined.
Truck : 47.61038,-52.74193; Accident=0; Door=0; TempC=0
Truck : 47.60242,-52.71536; Accident=0; Door=0; TempC=21.0
Truck : 47.56913,-52.70132; Accident=0; Door=0; TempC=18.5
Truck : 47.59541,-52.69030; Accident=0; Door=0; TempC=20.7
Warning: Sensor Accident not defined.
Warning: Sensor Door not defined.
Warning: Sensor Temperature not defined.
Truck : 47.61285,-52.74341; Accident=0; Door=0; TempC=0
Truck : 47.60305,-52.71646; Accident=0; Door=0; TempC=21.0
Truck : 47.56853,-52.70197; Accident=0; Door=0; TempC=18.5
Truck : 47.59557,-52.69086; Accident=0; Door=0; TempC=20.7
Warning: Sensor Accident not defined.
Warning: Sensor Door not defined.
Warning: Sensor Temperature not defined.
Truck : 47.61311,-52.74434; Accident=0; Door=0; TempC=0
Truck : 47.60400,-52.71757; Accident=0; Door=0; TempC=21.0
Truck : 47.56839,-52.70217; Accident=0; Door=0; TempC=18.5
Truck : 47.59568,-52.69130; Accident=0; Door=0; TempC=19.8
Warning: Sensor Accident not defined.
Warning: Sensor Door not defined.
Warning: Sensor Temperature not defined.
Truck : 47.61287,-52.74546; Accident=0; Door=0; TempC=0
Truck : 47.60498,-52.71659; Accident=0; Door=0; TempC=21.1
Truck : 47.56758,-52.70316; Accident=0; Door=0; TempC=18.6
Truck : 47.59592,-52.69263; Accident=0; Door=0; TempC=19.8
Warning: Sensor Accident not defined.
Warning: Sensor Door not defined.
Warning: Sensor Temperature not defined.
Truck : 47.61116,-52.74578; Accident=0; Door=0; TempC=0
Truck : 47.60442,-52.71786; Accident=0; Door=0; TempC=21.1
Truck : 47.56728,-52.70354; Accident=0; Door=0; TempC=19.4
Truck : 47.59608,-52.69315; Accident=0; Door=0; TempC=19.8
Warning: Sensor Accident not defined.
Warning: Sensor Door not defined.
Warning: Sensor Temperature not defined.
Truck : 47.61176,-52.74685; Accident=0; Door=0; TempC=0
Truck : 47.60350,-52.71707; Accident=0; Door=0; TempC=21.1
Truck : 47.56674,-52.70422; Accident=0; Door=0; TempC=19.4
Truck : 47.59628,-52.69355; Accident=0; Door=0; TempC=19.8
Warning: Sensor Accident not defined.
Warning: Sensor Door not defined.
Warning: Sensor Temperature not defined.
Truck : 47.61255,-52.74828; Accident=0; Door=0; TempC=0
Truck : 47.60275,-52.71596; Accident=0; Door=0; TempC=21.1
Truck : 47.56642,-52.70460; Accident=0; Door=0; TempC=19.8
Truck : 47.59676,-52.69430; Accident=0; Door=0; TempC=19.8
Warning: Sensor Accident not defined.
Warning: Sensor Door not defined.
Warning: Sensor Temperature not defined.
Truck : 47.61287,-52.74937; Accident=0; Door=0; TempC=0
Truck : 47.60163,-52.71415; Accident=0; Door=0; TempC=21.1
Truck : 47.56616,-52.70490; Accident=0; Door=0; TempC=19.8
Truck : 47.59705,-52.69485; Accident=0; Door=0; TempC=19.8
Warning: Sensor Accident not defined.
Warning: Sensor Door not defined.
Warning: Sensor Temperature not defined.
Truck : 47.61262,-52.75050; Accident=0; Door=0; TempC=0
Truck : 47.60104,-52.71330; Accident=0; Door=0; TempC=21.1
Truck : 47.56591,-52.70453; Accident=0; Door=0; TempC=19.8
Truck : 47.59724,-52.69531; Accident=0; Door=0; TempC=19.8
Warning: Sensor Accident not defined.
Warning: Sensor Door not defined.
Warning: Sensor Temperature not defined.
Truck : 47.61137,-52.75133; Accident=0; Door=0; TempC=0
Truck : 47.60004,-52.71219; Accident=0; Door=0; TempC=21.1
Truck : 47.56576,-52.70431; Accident=0; Door=0; TempC=19.8
Truck : 47.59779,-52.69691; Accident=0; Door=0; TempC=19.8
Warning: Sensor Accident not defined.
Warning: Sensor Door not defined.
Warning: Sensor Temperature not defined.
Truck : 47.61017,-52.74841; Accident=0; Door=0; TempC=0
Truck : 47.59896,-52.71137; Accident=0; Door=0; TempC=21.1
Truck : 47.56570,-52.70426; Accident=0; Door=0; TempC=19.8
Truck : 47.59822,-52.69799; Accident=0; Door=0; TempC=19.8
Warning: Sensor Accident not defined.
Warning: Sensor Door not defined.
Warning: Sensor Temperature not defined.
Truck : 47.60990,-52.74716; Accident=0; Door=0; TempC=0
Truck : 47.59745,-52.71060; Accident=0; Door=0; TempC=20.7
Truck : 47.56562,-52.70423; Accident=0; Door=0; TempC=19.8
Truck : 47.59892,-52.69970; Accident=0; Door=0; TempC=19.8
Warning: Sensor Accident not defined.
Warning: Sensor Door not defined.
Warning: Sensor Temperature not defined.
Truck : 47.60956,-52.74628; Accident=0; Door=0; TempC=0
Truck : 47.59490,-52.70960; Accident=0; Door=0; TempC=20.7
Truck : 47.56558,-52.70424; Accident=0; Door=0; TempC=19.8
Truck : 47.59911,-52.70008; Accident=0; Door=0; TempC=19.8
Warning: Sensor Accident not defined.
Warning: Sensor Door not defined.
Warning: Sensor Temperature not defined.
Truck : 47.60890,-52.74522; Accident=0; Door=0; TempC=0
Truck : 47.59328,-52.70966; Accident=0; Door=0; TempC=20.7
Truck : 47.56550,-52.70428; Accident=0; Door=0; TempC=19.8
Truck : 47.59931,-52.70031; Accident=0; Door=0; TempC=20.2
Warning: Sensor Accident not defined.
Warning: Sensor Door not defined.
Warning: Sensor Temperature not defined.
Truck : 47.60792,-52.74440; Accident=0; Door=0; TempC=0
Truck : 47.59302,-52.71058; Accident=0; Door=0; TempC=20.7
Truck : 47.56541,-52.70436; Accident=0; Door=1; TempC=19.9
Truck : 47.59957,-52.70049; Accident=0; Door=0; TempC=20.2
Warning: Sensor Accident not defined.
Warning: Sensor Door not defined.
Warning: Sensor Temperature not defined.
Truck : 47.60603,-52.74384; Accident=0; Door=0; TempC=0
Truck : 47.59274,-52.71259; Accident=0; Door=0; TempC=20.7
Truck : 47.56541,-52.70436; Accident=0; Door=1; TempC=20.0
Truck : 47.59981,-52.70066; Accident=0; Door=0; TempC=20.2
Warning: Sensor Accident not defined.
Warning: Sensor Door not defined.
Warning: Sensor Temperature not defined.
Truck : 47.60471,-52.74333; Accident=0; Door=0; TempC=0
Truck : 47.59235,-52.71454; Accident=0; Door=0; TempC=20.1
Truck : 47.56541,-52.70436; Accident=0; Door=1; TempC=20.1
Truck : 47.60027,-52.70102; Accident=0; Door=0; TempC=20.2
Warning: Sensor Accident not defined.
Warning: Sensor Door not defined.
Warning: Sensor Temperature not defined.
Truck : 47.60370,-52.74248; Accident=0; Door=0; TempC=0
Truck : 47.59196,-52.71659; Accident=0; Door=0; TempC=19.8
Truck : 47.56541,-52.70436; Accident=0; Door=1; TempC=20.2
Truck : 47.60086,-52.70154; Accident=0; Door=0; TempC=20.2
Warning: Sensor Accident not defined.
Warning: Sensor Door not defined.
Warning: Sensor Temperature not defined.
Truck : 47.60291,-52.74142; Accident=0; Door=0; TempC=0
Truck : 47.59163,-52.71780; Accident=0; Door=0; TempC=20.7
Truck : 47.56541,-52.70436; Accident=0; Door=1; TempC=20.3
Truck : 47.60125,-52.70194; Accident=0; Door=0; TempC=19.3
Warning: Sensor Accident not defined.
Warning: Sensor Door not defined.
Warning: Sensor Temperature not defined.
Truck : 47.60226,-52.74008; Accident=0; Door=0; TempC=0
Truck : 47.59107,-52.71871; Accident=0; Door=0; TempC=20.7
Truck : 47.56541,-52.70436; Accident=0; Door=1; TempC=20.4
Truck : 47.60141,-52.70218; Accident=0; Door=0; TempC=19.3
Warning: Sensor Accident not defined.
Warning: Sensor Door not defined.
Warning: Sensor Temperature not defined.
Truck : 47.60191,-52.73892; Accident=0; Door=0; TempC=0
Truck : 47.59030,-52.71963; Accident=1; Door=0; TempC=20.7
Truck : 47.56541,-52.70436; Accident=0; Door=0; TempC=19.6
Truck : 47.60156,-52.70257; Accident=0; Door=0; TempC=19.3
Warning: Sensor Accident not defined.
Warning: Sensor Door not defined.
Warning: Sensor Temperature not defined.
Truck : 47.60155,-52.73769; Accident=0; Door=0; TempC=0
Truck : 47.59030,-52.71963; Accident=1; Door=0; TempC=20.7
Truck : 47.56400,-52.70586; Accident=0; Door=0; TempC=19.6
Truck : 47.60162,-52.70291; Accident=0; Door=0; TempC=19.3
Warning: Sensor Accident not defined.
Warning: Sensor Door not defined.
Warning: Sensor Temperature not defined.
Truck : 47.60092,-52.73535; Accident=0; Door=0; TempC=0
Truck : 47.59030,-52.71963; Accident=1; Door=0; TempC=20.7
Truck : 47.56261,-52.70728; Accident=0; Door=0; TempC=19.6
Truck : 47.60162,-52.70314; Accident=0; Door=0; TempC=19.3
Warning: Sensor Accident not defined.
Warning: Sensor Door not defined.
Warning: Sensor Temperature not defined.
Truck : 47.59993,-52.73167; Accident=0; Door=0; TempC=0
Truck : 47.59030,-52.71963; Accident=1; Door=0; TempC=20.7
Truck : 47.56188,-52.70803; Accident=0; Door=0; TempC=20.1
Truck : 47.60159,-52.70360; Accident=0; Door=0; TempC=19.3
Warning: Sensor Accident not defined.
Warning: Sensor Door not defined.
Warning: Sensor Temperature not defined.
Truck : 47.59932,-52.73023; Accident=0; Door=0; TempC=0
Truck : 47.59030,-52.71963; Accident=1; Door=1; TempC=20.8
Truck : 47.56177,-52.70818; Accident=0; Door=0; TempC=20.1
Truck : 47.60138,-52.70580; Accident=0; Door=0; TempC=19.3
Warning: Sensor Accident not defined.
Warning: Sensor Door not defined.
Warning: Sensor Temperature not defined.
Truck : 47.59839,-52.72886; Accident=0; Door=0; TempC=0
Truck : 47.59030,-52.71963; Accident=1; Door=1; TempC=20.9
Truck : 47.56155,-52.70857; Accident=0; Door=0; TempC=20.1
Truck : 47.60134,-52.70639; Accident=0; Door=0; TempC=19.3
Warning: Sensor Accident not defined.
Warning: Sensor Door not defined.
Warning: Sensor Temperature not defined.
Truck : 47.59721,-52.72776; Accident=0; Door=0; TempC=0
Truck : 47.59030,-52.71963; Accident=1; Door=1; TempC=21.0
Truck : 47.56115,-52.70914; Accident=0; Door=0; TempC=20.1
Truck : 47.60127,-52.70678; Accident=0; Door=0; TempC=19.3
Warning: Sensor Accident not defined.
Warning: Sensor Door not defined.
Warning: Sensor Temperature not defined.
Truck : 47.59566,-52.72673; Accident=0; Door=0; TempC=0
Truck : 47.59030,-52.71963; Accident=1; Door=1; TempC=21.1
Truck : 47.56082,-52.70946; Accident=0; Door=0; TempC=20.1
Truck : 47.60073,-52.70822; Accident=0; Door=0; TempC=19.3
Warning: Sensor Accident not defined.
Warning: Sensor Door not defined.
Warning: Sensor Temperature not defined.
Truck : 47.59586,-52.72506; Accident=0; Door=0; TempC=0
Truck : 47.59030,-52.71963; Accident=1; Door=1; TempC=21.2
Truck : 47.56064,-52.70958; Accident=0; Door=0; TempC=20.1
Truck : 47.60051,-52.70873; Accident=0; Door=0; TempC=19.3
Warning: Sensor Accident not defined.
Warning: Sensor Door not defined.
Warning: Sensor Temperature not defined.
Truck : 47.59656,-52.72362; Accident=0; Door=0; TempC=0
Truck : 47.59030,-52.71963; Accident=1; Door=1; TempC=21.3
Truck : 47.56035,-52.70967; Accident=0; Door=0; TempC=20.1
Truck : 47.60032,-52.70905; Accident=0; Door=0; TempC=19.3
Warning: Sensor Accident not defined.
Warning: Sensor Door not defined.
Warning: Sensor Temperature not defined.
Truck : 47.59722,-52.72235; Accident=0; Door=0; TempC=0
Truck : 47.59030,-52.71963; Accident=1; Door=0; TempC=21.3
Truck : 47.56004,-52.70982; Accident=0; Door=0; TempC=20.1
Truck : 47.60006,-52.70941; Accident=0; Door=0; TempC=19.3
Warning: Sensor Accident not defined.
Warning: Sensor Door not defined.
Warning: Sensor Temperature not defined.
Truck : 47.59743,-52.72136; Accident=0; Door=0; TempC=0
Truck : 47.59030,-52.71963; Accident=1; Door=0; TempC=21.3
Truck : 47.55963,-52.71002; Accident=0; Door=0; TempC=20.1
Truck : 47.59997,-52.70956; Accident=0; Door=0; TempC=19.5
Warning: Sensor Accident not defined.
Warning: Sensor Door not defined.
Warning: Sensor Temperature not defined.
Truck : 47.59734,-52.71960; Accident=0; Door=0; TempC=0
Truck : 47.59030,-52.71963; Accident=0; Door=0; TempC=21.3
Truck : 47.55945,-52.71018; Accident=0; Door=0; TempC=20.1
Truck : 47.59965,-52.71033; Accident=0; Door=0; TempC=20.2
Warning: Sensor Accident not defined.
Warning: Sensor Door not defined.
Warning: Sensor Temperature not defined.
Truck : 47.59729,-52.71863; Accident=0; Door=0; TempC=0
Truck : 47.58876,-52.72030; Accident=0; Door=0; TempC=21.3
Truck : 47.55935,-52.71028; Accident=0; Door=0; TempC=20.1
Truck : 47.59918,-52.71150; Accident=0; Door=0; TempC=20.2
Warning: Sensor Accident not defined.
Warning: Sensor Door not defined.
Warning: Sensor Temperature not defined.
Truck : 47.59759,-52.71712; Accident=0; Door=0; TempC=0
Truck : 47.58784,-52.72137; Accident=0; Door=0; TempC=21.3
Truck : 47.55930,-52.71037; Accident=0; Door=0; TempC=20.4
Truck : 47.59895,-52.71214; Accident=0; Door=0; TempC=20.2
Warning: Sensor Accident not defined.
Warning: Sensor Door not defined.
Warning: Sensor Temperature not defined.
Truck : 47.59855,-52.71467; Accident=0; Door=0; TempC=0
Truck : 47.58694,-52.72217; Accident=0; Door=0; TempC=21.3
Truck : 47.55923,-52.71053; Accident=0; Door=0; TempC=20.4
Truck : 47.59891,-52.71246; Accident=0; Door=0; TempC=20.2
Warning: Sensor Accident not defined.
Warning: Sensor Door not defined.
Warning: Sensor Temperature not defined.
Truck : 47.59882,-52.71366; Accident=0; Door=0; TempC=0
Truck : 47.58554,-52.72261; Accident=0; Door=0; TempC=21.3
Truck : 47.55918,-52.71079; Accident=0; Door=1; TempC=20.5
Truck : 47.59883,-52.71351; Accident=0; Door=0; TempC=20.2
Warning: Sensor Accident not defined.
Warning: Sensor Door not defined.
Warning: Sensor Temperature not defined.
Truck : 47.59889,-52.71263; Accident=0; Door=0; TempC=0
Truck : 47.58393,-52.72233; Accident=0; Door=0; TempC=21.3
Truck : 47.55918,-52.71079; Accident=0; Door=1; TempC=20.6
Truck : 47.59875,-52.71403; Accident=0; Door=0; TempC=20.2
Warning: Sensor Accident not defined.
Warning: Sensor Door not defined.
Warning: Sensor Temperature not defined.
Truck : 47.59946,-52.71078; Accident=0; Door=0; TempC=0
Truck : 47.58250,-52.72293; Accident=0; Door=0; TempC=21.3
Truck : 47.55918,-52.71079; Accident=0; Door=1; TempC=20.7
Truck : 47.59860,-52.71454; Accident=0; Door=0; TempC=20.2
Warning: Sensor Accident not defined.
Warning: Sensor Door not defined.
Warning: Sensor Temperature not defined.
Truck : 47.59993,-52.70963; Accident=0; Door=0; TempC=0
Truck : 47.58131,-52.72495; Accident=0; Door=0; TempC=21.0
Truck : 47.55918,-52.71079; Accident=0; Door=1; TempC=20.8
Truck : 47.59772,-52.71675; Accident=0; Door=0; TempC=20.2
Warning: Sensor Accident not defined.
Warning: Sensor Door not defined.
Warning: Sensor Temperature not defined.
Truck : 47.60055,-52.70866; Accident=0; Door=0; TempC=0
Truck : 47.58073,-52.72587; Accident=0; Door=0; TempC=21.0
Truck : 47.55918,-52.71079; Accident=0; Door=1; TempC=20.9
Truck : 47.59743,-52.71758; Accident=0; Door=0; TempC=20.2
Warning: Sensor Accident not defined.
Warning: Sensor Door not defined.
Warning: Sensor Temperature not defined.
Truck : 47.60121,-52.70696; Accident=0; Door=0; TempC=0
Truck : 47.57951,-52.72691; Accident=0; Door=0; TempC=21.0
Truck : 47.55918,-52.71079; Accident=0; Door=1; TempC=21.0
Truck : 47.59735,-52.71797; Accident=0; Door=0; TempC=20.2
Warning: Sensor Accident not defined.
Warning: Sensor Door not defined.
Warning: Sensor Temperature not defined.
Truck : 47.60138,-52.70582; Accident=0; Door=0; TempC=0
Truck : 47.57849,-52.72781; Accident=0; Door=0; TempC=21.0
Truck : 47.55918,-52.71079; Accident=0; Door=0; TempC=21.0
Truck : 47.59732,-52.71827; Accident=0; Door=0; TempC=20.2
Warning: Sensor Accident not defined.
Warning: Sensor Door not defined.
Warning: Sensor Temperature not defined.
Truck : 47.60149,-52.70457; Accident=0; Door=0; TempC=0
Truck : 47.57760,-52.72886; Accident=0; Door=0; TempC=21.0
Truck : 47.55917,-52.71110; Accident=0; Door=0; TempC=21.0
Truck : 47.59729,-52.71862; Accident=0; Door=0; TempC=20.2
Warning: Sensor Accident not defined.
Warning: Sensor Door not defined.
Warning: Sensor Temperature not defined.
Truck : 47.60161,-52.70335; Accident=0; Door=0; TempC=0
Truck : 47.57544,-52.73172; Accident=0; Door=0; TempC=21.0
Truck : 47.55919,-52.71134; Accident=0; Door=0; TempC=21.0
Truck : 47.59731,-52.71910; Accident=0; Door=0; TempC=20.2
Warning: Sensor Accident not defined.
Warning: Sensor Door not defined.
Warning: Sensor Temperature not defined.
Truck : 47.60145,-52.70225; Accident=0; Door=0; TempC=0
Truck : 47.57434,-52.73327; Accident=0; Door=0; TempC=21.0
Truck : 47.55920,-52.71166; Accident=0; Door=0; TempC=21.0
Truck : 47.59743,-52.72121; Accident=0; Door=0; TempC=20.2
Warning: Sensor Accident not defined.
Warning: Sensor Door not defined.
Warning: Sensor Temperature not defined.
Truck : 47.60034,-52.70107; Accident=0; Door=0; TempC=0
Truck : 47.57199,-52.73652; Accident=0; Door=0; TempC=21.0
Truck : 47.55920,-52.71179; Accident=0; Door=0; TempC=21.0
Truck : 47.59742,-52.72162; Accident=0; Door=0; TempC=20.2
Warning: Sensor Accident not defined.
Warning: Sensor Door not defined.
Warning: Sensor Temperature not defined.
Truck : 47.59937,-52.70036; Accident=0; Door=0; TempC=0
Truck : 47.57134,-52.73757; Accident=0; Door=0; TempC=20.9
Truck : 47.55893,-52.71180; Accident=0; Door=0; TempC=21.4
Truck : 47.59738,-52.72192; Accident=0; Door=0; TempC=20.2
Warning: Sensor Accident not defined.
Warning: Sensor Door not defined.
Warning: Sensor Temperature not defined.
Truck : 47.59862,-52.69896; Accident=0; Door=0; TempC=0
Truck : 47.56985,-52.74095; Accident=0; Door=0; TempC=20.9
Truck : 47.55835,-52.71183; Accident=0; Door=0; TempC=21.4
Truck : 47.59727,-52.72224; Accident=0; Door=0; TempC=20.2
Warning: Sensor Accident not defined.
Warning: Sensor Door not defined.
Warning: Sensor Temperature not defined.
Truck : 47.59786,-52.69710; Accident=0; Door=0; TempC=0
Truck : 47.56942,-52.74191; Accident=0; Door=0; TempC=20.9
Truck : 47.55800,-52.71180; Accident=0; Door=0; TempC=21.4
Truck : 47.59710,-52.72261; Accident=0; Door=0; TempC=20.7
Warning: Sensor Accident not defined.
Warning: Sensor Door not defined.
Warning: Sensor Temperature not defined.
Truck : 47.59731,-52.69548; Accident=0; Door=0; TempC=0
Truck : 47.56894,-52.74284; Accident=0; Door=0; TempC=20.9
Truck : 47.55786,-52.71182; Accident=0; Door=0; TempC=21.4
Truck : 47.59637,-52.72399; Accident=0; Door=0; TempC=20.7
Warning: Sensor Accident not defined.
Warning: Sensor Door not defined.
Warning: Sensor Temperature not defined.
Truck : 47.59687,-52.69449; Accident=0; Door=0; TempC=0
Truck : 47.56833,-52.74381; Accident=0; Door=0; TempC=20.9
Truck : 47.55763,-52.71191; Accident=0; Door=0; TempC=21.4
Truck : 47.59549,-52.72589; Accident=0; Door=0; TempC=20.7
Warning: Sensor Accident not defined.
Warning: Sensor Door not defined.
Warning: Sensor Temperature not defined.
Truck : 47.59634,-52.69365; Accident=0; Door=0; TempC=0
Truck : 47.56750,-52.74486; Accident=0; Door=0; TempC=20.9
Truck : 47.55746,-52.71200; Accident=0; Door=0; TempC=21.4
Truck : 47.59548,-52.72603; Accident=0; Door=0; TempC=20.8
Warning: Sensor Accident not defined.
Warning: Sensor Door not defined.
Warning: Sensor Temperature not defined.
Truck : 47.59595,-52.69275; Accident=0; Door=0; TempC=0
Truck : 47.56505,-52.74754; Accident=0; Door=0; TempC=20.9
Truck : 47.55699,-52.71224; Accident=0; Door=0; TempC=21.7
Truck : 47.59547,-52.72623; Accident=0; Door=0; TempC=20.8
Warning: Sensor Accident not defined.
Warning: Sensor Door not defined.
Warning: Sensor Temperature not defined.
Truck : 47.59575,-52.69166; Accident=0; Door=0; TempC=0
Truck : 47.56413,-52.74835; Accident=0; Door=0; TempC=20.9
Truck : 47.55677,-52.71238; Accident=0; Door=0; TempC=21.7
Truck : 47.59550,-52.72638; Accident=0; Door=0; TempC=20.8
Warning: Sensor Accident not defined.
Warning: Sensor Door not defined.
Warning: Sensor Temperature not defined.
Truck : 47.59551,-52.69063; Accident=0; Door=0; TempC=0
Truck : 47.56291,-52.74892; Accident=0; Door=0; TempC=21.4
Truck : 47.55647,-52.71264; Accident=0; Door=0; TempC=21.8
Truck : 47.59559,-52.72652; Accident=0; Door=0; TempC=20.8
Warning: Sensor Accident not defined.
Warning: Sensor Door not defined.
Warning: Sensor Temperature not defined.
Truck : 47.59518,-52.68971; Accident=0; Door=0; TempC=0
Truck : 47.56084,-52.74857; Accident=0; Door=0; TempC=21.4
Truck : 47.55608,-52.71298; Accident=0; Door=0; TempC=21.8
Truck : 47.59587,-52.72669; Accident=0; Door=0; TempC=20.8
Warning: Sensor Accident not defined.
Warning: Sensor Door not defined.
Warning: Sensor Temperature not defined.
Truck : 47.59467,-52.68880; Accident=0; Door=0; TempC=0
Truck : 47.55954,-52.74751; Accident=0; Door=0; TempC=21.4
Truck : 47.55560,-52.71336; Accident=0; Door=0; TempC=21.8
Truck : 47.59668,-52.72724; Accident=0; Door=0; TempC=20.8
Warning: Sensor Accident not defined.
Warning: Sensor Door not defined.
Warning: Sensor Temperature not defined.
Truck : 47.59360,-52.68793; Accident=0; Door=0; TempC=0
Truck : 47.55835,-52.74622; Accident=0; Door=0; TempC=21.4
Truck : 47.55532,-52.71353; Accident=0; Door=0; TempC=21.8
Truck : 47.59744,-52.72782; Accident=0; Door=0; TempC=20.8
Warning: Sensor Accident not defined.
Warning: Sensor Door not defined.
Warning: Sensor Temperature not defined.
Truck : 47.59209,-52.68712; Accident=0; Door=0; TempC=0
Truck : 47.55718,-52.74557; Accident=0; Door=0; TempC=21.0
Truck : 47.55496,-52.71374; Accident=0; Door=0; TempC=21.8
Truck : 47.59786,-52.72819; Accident=0; Door=0; TempC=20.8
Warning: Sensor Accident not defined.
Warning: Sensor Door not defined.
Warning: Sensor Temperature not defined.
Truck : 47.59132,-52.68633; Accident=0; Door=0; TempC=0
Truck : 47.55556,-52.74562; Accident=0; Door=0; TempC=20.6
Truck : 47.55437,-52.71404; Accident=0; Door=0; TempC=21.8
Truck : 47.59815,-52.72844; Accident=0; Door=0; TempC=20.8
Warning: Sensor Accident not defined.
Warning: Sensor Door not defined.
Warning: Sensor Temperature not defined.
Truck : 47.59001,-52.68587; Accident=0; Door=0; TempC=0
Truck : 47.55396,-52.74619; Accident=0; Door=0; TempC=20.6
Truck : 47.55380,-52.71439; Accident=0; Door=0; TempC=22.0
Truck : 47.59835,-52.72867; Accident=0; Door=0; TempC=21.4
Warning: Sensor Accident not defined.
Warning: Sensor Door not defined.
Warning: Sensor Temperature not defined.
Truck : 47.58858,-52.68497; Accident=0; Door=0; TempC=0
Truck : 47.55294,-52.74702; Accident=0; Door=0; TempC=20.6
Truck : 47.55337,-52.71473; Accident=0; Door=0; TempC=21.4
Truck : 47.59877,-52.72913; Accident=0; Door=0; TempC=21.4
Warning: Sensor Accident not defined.
Warning: Sensor Door not defined.
Warning: Sensor Temperature not defined.
Truck : 47.58761,-52.68420; Accident=0; Door=0; TempC=0
Truck : 47.55206,-52.74804; Accident=0; Door=0; TempC=20.6
Truck : 47.55263,-52.71554; Accident=0; Door=0; TempC=21.4
Truck : 47.59901,-52.72945; Accident=0; Door=0; TempC=22.3
Warning: Sensor Accident not defined.
Warning: Sensor Door not defined.
Warning: Sensor Temperature not defined.
Truck : 47.58558,-52.68430; Accident=0; Door=0; TempC=0
Truck : 47.55099,-52.74882; Accident=0; Door=0; TempC=20.6
Truck : 47.55201,-52.71628; Accident=0; Door=0; TempC=21.4
Truck : 47.59947,-52.73020; Accident=0; Door=0; TempC=21.9
Warning: Sensor Accident not defined.
Warning: Sensor Door not defined.
Warning: Sensor Temperature not defined.
Truck : 47.58463,-52.68321; Accident=0; Door=0; TempC=0
Truck : 47.54933,-52.74827; Accident=0; Door=0; TempC=20.6
Truck : 47.55181,-52.71644; Accident=0; Door=0; TempC=21.4
Truck : 47.59975,-52.73080; Accident=0; Door=0; TempC=22.3
