==============================================================================
fleetsim.v200.pl v2.00a
Command line: 
Run Date/Time: 2019-05-09 11:53:10
Running simulation.  Type 'Ctrl C' at anytime to end simulation.
Reading truck route info ...
Reading warehouse info...
Warehouse Name: Quidi Vidi Brewery; Lat: 47.58136; Long: -52.67638
Resetting all trucks...
Truck : 47.58136,-52.67638; Accident=0; Door=0; TempC=20.0
Truck : 47.58136,-52.67638; Accident=0; Door=0; TempC=20.0
Truck : 47.58136,-52.67638; Accident=0; Door=0; TempC=20.0
Truck : 47.58136,-52.67638; Accident=0; Door=0; TempC=20.0
Reading sensor config file...
Reading AppIoT config file...
Logging in to AppIoT gateway cbb4fa1d-7670-4c57-a94e-e7fb0d1bcfdf
Simulation starts in:
5 seconds...
4 seconds...
3 seconds...
2 seconds...
1 seconds...
4 Trucks are on the way!
Truck data will update every 5 seconds for a maximum of 3600 seconds (~720 samples/truck)...
Warning: Sensor Accident not defined.
Warning: Sensor Door not defined.
Warning: Sensor Temperature not defined.
Truck : 47.58136,-52.67638; Accident=0; Door=0; TempC=0
Truck : 47.58136,-52.67638; Accident=0; Door=0; TempC=20.0
Truck : 47.58136,-52.67638; Accident=0; Door=0; TempC=19.6
Truck : 47.58136,-52.67638; Accident=0; Door=0; TempC=20.0
