==============================================================================
fleetsimOSS.pl v2.00a
Command line: 
Run Date/Time: 2019-04-08 14:06:21
Running simulation.  Type 'Ctrl C' at anytime to end simulation.
Reading truck route info ...
Reading warehouse info...
Warehouse Name: Quidi Vidi Brewery; Lat: 47.58136; Long: -52.67638
Resetting all trucks...
[2019-04-08 14:06:21] Truck 0: 47.58136,-52.67638; Accident=0; Door=0; TempC=20.0
[2019-04-08 14:06:21] Truck 1: 47.58136,-52.67638; Accident=0; Door=0; TempC=20.0
[2019-04-08 14:06:21] Truck 2: 47.58136,-52.67638; Accident=0; Door=0; TempC=20.0
[2019-04-08 14:06:21] Truck 3: 47.58136,-52.67638; Accident=0; Door=0; TempC=20.0
Reading sensor config file...
Reading AppIoT config file...
Logging in to AppIoT gateway cbb4fa1d-7670-4c57-a94e-e7fb0d1bcfdf
Simulation starts in:
5 seconds...
4 seconds...
3 seconds...
2 seconds...
1 seconds...
4 Trucks are on the way!
Truck data will update every 5 seconds for a maximum of 3600 seconds (~720 samples/truck)...
Warning: Sensor Accident not defined.
Warning: Sensor Door not defined.
Warning: Sensor Temperature not defined.
[2019-04-08 14:06:31] Truck 0: 47.58136,-52.67638; Accident=0; Door=0; TempC=0
[2019-04-08 14:06:31] Truck 1: 47.58136,-52.67638; Accident=0; Door=0; TempC=19.4
[2019-04-08 14:06:31] Truck 2: 47.58136,-52.67638; Accident=0; Door=0; TempC=20.0
[2019-04-08 14:06:31] Truck 3: 47.58136,-52.67638; Accident=0; Door=0; TempC=20.0
Warning: Sensor Accident not defined.
Warning: Sensor Door not defined.
Warning: Sensor Temperature not defined.
[2019-04-08 14:06:36] Truck 0: 47.58163,-52.67781; Accident=0; Door=0; TempC=0
[2019-04-08 14:06:36] Truck 1: 47.58163,-52.67781; Accident=0; Door=0; TempC=19.4
[2019-04-08 14:06:36] Truck 2: 47.58146,-52.67653; Accident=0; Door=0; TempC=20.0
[2019-04-08 14:06:36] Truck 3: 47.58146,-52.67653; Accident=0; Door=0; TempC=19.1
Warning: Sensor Accident not defined.
Warning: Sensor Door not defined.
Warning: Sensor Temperature not defined.
[2019-04-08 14:06:41] Truck 0: 47.58158,-52.67874; Accident=0; Door=0; TempC=0
[2019-04-08 14:06:41] Truck 1: 47.58158,-52.67874; Accident=0; Door=0; TempC=19.4
[2019-04-08 14:06:41] Truck 2: 47.58155,-52.67675; Accident=0; Door=0; TempC=20.0
[2019-04-08 14:06:41] Truck 3: 47.58155,-52.67675; Accident=0; Door=0; TempC=19.1
Warning: Sensor Accident not defined.
Warning: Sensor Door not defined.
Warning: Sensor Temperature not defined.
[2019-04-08 14:06:46] Truck 0: 47.58312,-52.67874; Accident=0; Door=0; TempC=0
[2019-04-08 14:06:46] Truck 1: 47.58135,-52.67971; Accident=0; Door=0; TempC=19.4
[2019-04-08 14:06:46] Truck 2: 47.58160,-52.67696; Accident=0; Door=0; TempC=20.0
[2019-04-08 14:06:46] Truck 3: 47.58160,-52.67696; Accident=0; Door=0; TempC=19.3
Warning: Sensor Accident not defined.
Warning: Sensor Door not defined.
Warning: Sensor Temperature not defined.
[2019-04-08 14:06:51] Truck 0: 47.58449,-52.68034; Accident=0; Door=0; TempC=0
[2019-04-08 14:06:51] Truck 1: 47.58133,-52.68071; Accident=0; Door=0; TempC=19.4
[2019-04-08 14:06:51] Truck 2: 47.58161,-52.67717; Accident=0; Door=0; TempC=20.6
[2019-04-08 14:06:51] Truck 3: 47.58161,-52.67717; Accident=0; Door=0; TempC=18.4
Warning: Sensor Accident not defined.
Warning: Sensor Door not defined.
Warning: Sensor Temperature not defined.
[2019-04-08 14:06:56] Truck 0: 47.58488,-52.68121; Accident=0; Door=0; TempC=0
[2019-04-08 14:06:56] Truck 1: 47.58131,-52.68169; Accident=0; Door=0; TempC=19.4
[2019-04-08 14:06:56] Truck 2: 47.58163,-52.67781; Accident=0; Door=0; TempC=20.6
[2019-04-08 14:06:56] Truck 3: 47.58163,-52.67781; Accident=0; Door=0; TempC=18.4
Warning: Sensor Accident not defined.
Warning: Sensor Door not defined.
Warning: Sensor Temperature not defined.
[2019-04-08 14:07:01] Truck 0: 47.58471,-52.68278; Accident=0; Door=0; TempC=0
[2019-04-08 14:07:01] Truck 1: 47.58060,-52.68289; Accident=0; Door=1; TempC=19.5
[2019-04-08 14:07:01] Truck 2: 47.58171,-52.67804; Accident=0; Door=0; TempC=20.6
[2019-04-08 14:07:01] Truck 3: 47.58171,-52.67804; Accident=0; Door=0; TempC=18.4
Warning: Sensor Accident not defined.
Warning: Sensor Door not defined.
Warning: Sensor Temperature not defined.
[2019-04-08 14:07:06] Truck 0: 47.58449,-52.68403; Accident=0; Door=0; TempC=0
[2019-04-08 14:07:06] Truck 1: 47.58060,-52.68289; Accident=0; Door=1; TempC=19.6
[2019-04-08 14:07:06] Truck 2: 47.58180,-52.67819; Accident=0; Door=0; TempC=20.6
[2019-04-08 14:07:06] Truck 3: 47.58180,-52.67819; Accident=0; Door=0; TempC=17.7
Warning: Sensor Accident not defined.
Warning: Sensor Door not defined.
Warning: Sensor Temperature not defined.
[2019-04-08 14:07:11] Truck 0: 47.58662,-52.68422; Accident=0; Door=0; TempC=0
[2019-04-08 14:07:11] Truck 1: 47.58060,-52.68289; Accident=0; Door=1; TempC=19.7
[2019-04-08 14:07:11] Truck 2: 47.58167,-52.67850; Accident=0; Door=0; TempC=20.6
[2019-04-08 14:07:11] Truck 3: 47.58167,-52.67850; Accident=0; Door=0; TempC=17.7
Warning: Sensor Accident not defined.
Warning: Sensor Door not defined.
Warning: Sensor Temperature not defined.
[2019-04-08 14:07:16] Truck 0: 47.58811,-52.68444; Accident=0; Door=0; TempC=0
[2019-04-08 14:07:16] Truck 1: 47.58060,-52.68289; Accident=0; Door=1; TempC=19.8
[2019-04-08 14:07:16] Truck 2: 47.58158,-52.67874; Accident=0; Door=0; TempC=20.6
[2019-04-08 14:07:16] Truck 3: 47.58158,-52.67874; Accident=0; Door=0; TempC=18.3
Warning: Sensor Accident not defined.
Warning: Sensor Door not defined.
Warning: Sensor Temperature not defined.
[2019-04-08 14:07:21] Truck 0: 47.58986,-52.68579; Accident=0; Door=0; TempC=0
[2019-04-08 14:07:21] Truck 1: 47.58060,-52.68289; Accident=0; Door=1; TempC=19.9
[2019-04-08 14:07:21] Truck 2: 47.58153,-52.67897; Accident=0; Door=0; TempC=20.6
[2019-04-08 14:07:21] Truck 3: 47.58153,-52.67897; Accident=0; Door=0; TempC=18.3
Warning: Sensor Accident not defined.
Warning: Sensor Door not defined.
Warning: Sensor Temperature not defined.
[2019-04-08 14:07:26] Truck 0: 47.59131,-52.68628; Accident=0; Door=0; TempC=0
[2019-04-08 14:07:26] Truck 1: 47.58060,-52.68289; Accident=0; Door=1; TempC=20.0
[2019-04-08 14:07:26] Truck 2: 47.58152,-52.67907; Accident=0; Door=0; TempC=20.6
[2019-04-08 14:07:26] Truck 3: 47.58152,-52.67907; Accident=0; Door=0; TempC=17.7
Warning: Sensor Accident not defined.
Warning: Sensor Door not defined.
Warning: Sensor Temperature not defined.
[2019-04-08 14:07:31] Truck 0: 47.59226,-52.68722; Accident=0; Door=0; TempC=0
[2019-04-08 14:07:31] Truck 1: 47.58060,-52.68289; Accident=0; Door=0; TempC=20.0
[2019-04-08 14:07:31] Truck 2: 47.58146,-52.67918; Accident=0; Door=0; TempC=20.6
[2019-04-08 14:07:31] Truck 3: 47.58160,-52.67898; Accident=0; Door=0; TempC=18.1
Warning: Sensor Accident not defined.
Warning: Sensor Door not defined.
Warning: Sensor Temperature not defined.
[2019-04-08 14:07:36] Truck 0: 47.59376,-52.68800; Accident=0; Door=0; TempC=0
[2019-04-08 14:07:36] Truck 1: 47.57982,-52.68474; Accident=0; Door=0; TempC=19.3
[2019-04-08 14:07:36] Truck 2: 47.58140,-52.67938; Accident=0; Door=0; TempC=20.9
[2019-04-08 14:07:36] Truck 3: 47.58180,-52.67883; Accident=0; Door=0; TempC=18.1
Warning: Sensor Accident not defined.
Warning: Sensor Door not defined.
Warning: Sensor Temperature not defined.
[2019-04-08 14:07:41] Truck 0: 47.59480,-52.68900; Accident=0; Door=0; TempC=0
[2019-04-08 14:07:41] Truck 1: 47.57830,-52.68957; Accident=0; Door=0; TempC=19.3
[2019-04-08 14:07:41] Truck 2: 47.58135,-52.67971; Accident=0; Door=0; TempC=20.9
[2019-04-08 14:07:41] Truck 3: 47.58195,-52.67875; Accident=0; Door=0; TempC=18.7
Warning: Sensor Accident not defined.
Warning: Sensor Door not defined.
Warning: Sensor Temperature not defined.
[2019-04-08 14:07:47] Truck 0: 47.59541,-52.69030; Accident=0; Door=0; TempC=0
[2019-04-08 14:07:47] Truck 1: 47.57684,-52.69400; Accident=0; Door=1; TempC=19.4
[2019-04-08 14:07:47] Truck 2: 47.58133,-52.68071; Accident=0; Door=0; TempC=20.9
[2019-04-08 14:07:47] Truck 3: 47.58213,-52.67869; Accident=0; Door=0; TempC=18.7
Warning: Sensor Accident not defined.
Warning: Sensor Door not defined.
Warning: Sensor Temperature not defined.
[2019-04-08 14:07:52] Truck 0: 47.59568,-52.69130; Accident=0; Door=0; TempC=0
[2019-04-08 14:07:52] Truck 1: 47.57684,-52.69400; Accident=0; Door=1; TempC=19.5
[2019-04-08 14:07:52] Truck 2: 47.58136,-52.68124; Accident=0; Door=0; TempC=20.9
[2019-04-08 14:07:52] Truck 3: 47.58229,-52.67867; Accident=0; Door=0; TempC=18.7
Warning: Sensor Accident not defined.
Warning: Sensor Door not defined.
Warning: Sensor Temperature not defined.
[2019-04-08 14:07:57] Truck 0: 47.59592,-52.69263; Accident=0; Door=0; TempC=0
[2019-04-08 14:07:57] Truck 1: 47.57684,-52.69400; Accident=0; Door=1; TempC=19.6
[2019-04-08 14:07:57] Truck 2: 47.58136,-52.68147; Accident=1; Door=0; TempC=20.9
[2019-04-08 14:07:57] Truck 3: 47.58260,-52.67873; Accident=0; Door=0; TempC=18.7
Warning: User typed Ctrl-C.  Exiting.
