==============================================================================
fleetsim.pl v1.01a
Command line: 
Run Date/Time: 2018-09-25 19:23:45
Running simulation.  Type 'Ctrl C' at anytime to end simulation.
Reading truck route info ...
Reading warehouse info...
Warehouse Name: Expo Houten Netherlands; Lat: 52.03838; Long: 5.14069
Resetting all trucks...
Truck : 52.03838,5.14069; Accident=0; Door=0; TempC=20.0
Truck : 52.03838,5.14069; Accident=0; Door=0; TempC=20.0
Truck : 52.03838,5.14069; Accident=0; Door=0; TempC=20.0
Truck : 52.03838,5.14069; Accident=0; Door=0; TempC=20.0
Reading sensor config file...
Reading AppIoT config file...
Logging in to AppIoT https://login.microsoftonline.com
Simulation starts in:
5 seconds...
4 seconds...
3 seconds...
2 seconds...
1 seconds...
4 Trucks are on the way!
Truck data will update every 5 seconds for a maximum of 3600 seconds (~720 samples/truck)...
Truck : 52.03838,5.14069; Accident=0; Door=0; TempC=0
Truck : 52.03838,5.14069; Accident=0; Door=0; TempC=20.0
Truck : 52.03838,5.14069; Accident=0; Door=0; TempC=19.0
Truck : 52.03838,5.14069; Accident=0; Door=0; TempC=20.0
Warning: User typed Ctrl-C.  Exiting.
