==============================================================================
fleetsimOSS.pl v2.00a
Command line: 
Run Date/Time: 2019-04-08 13:13:24
Running simulation.  Type 'Ctrl C' at anytime to end simulation.
Reading truck route info ...
Reading warehouse info...
Warehouse Name: Quidi Vidi Brewery; Lat: 47.58136; Long: -52.67638
Resetting all trucks...
[2019-04-08 13:13:24] Truck 0: 47.58136,-52.67638; Accident=0; Door=0; TempC=20.0
[2019-04-08 13:13:24] Truck 1: 47.58136,-52.67638; Accident=0; Door=0; TempC=20.0
[2019-04-08 13:13:24] Truck 2: 47.58136,-52.67638; Accident=0; Door=0; TempC=20.0
[2019-04-08 13:13:24] Truck 3: 47.58136,-52.67638; Accident=0; Door=0; TempC=20.0
Reading sensor config file...
Reading AppIoT config file...
Logging in to AppIoT gateway cbb4fa1d-7670-4c57-a94e-e7fb0d1bcfdf
Simulation starts in:
5 seconds...
4 seconds...
3 seconds...
2 seconds...
1 seconds...
4 Trucks are on the way!
Truck data will update every 5 seconds for a maximum of 3600 seconds (~720 samples/truck)...
Warning: Sensor Accident not defined.
Warning: Sensor Door not defined.
Warning: Sensor Temperature not defined.
[2019-04-08 13:13:34] Truck 0: 47.58136,-52.67638; Accident=0; Door=0; TempC=0
[2019-04-08 13:13:34] Truck 1: 47.58136,-52.67638; Accident=0; Door=0; TempC=20.0
[2019-04-08 13:13:34] Truck 2: 47.58136,-52.67638; Accident=0; Door=0; TempC=20.0
[2019-04-08 13:13:34] Truck 3: 47.58136,-52.67638; Accident=0; Door=0; TempC=20.0
Warning: Sensor Accident not defined.
Warning: Sensor Door not defined.
Warning: Sensor Temperature not defined.
[2019-04-08 13:13:40] Truck 0: 47.58163,-52.67781; Accident=0; Door=0; TempC=0
[2019-04-08 13:13:40] Truck 1: 47.58163,-52.67781; Accident=0; Door=0; TempC=20.0
[2019-04-08 13:13:40] Truck 2: 47.58146,-52.67653; Accident=0; Door=0; TempC=20.9
[2019-04-08 13:13:40] Truck 3: 47.58146,-52.67653; Accident=0; Door=0; TempC=20.0
Warning: Sensor Accident not defined.
Warning: Sensor Door not defined.
Warning: Sensor Temperature not defined.
[2019-04-08 13:13:45] Truck 0: 47.58158,-52.67874; Accident=0; Door=0; TempC=0
[2019-04-08 13:13:45] Truck 1: 47.58158,-52.67874; Accident=0; Door=0; TempC=20.0
[2019-04-08 13:13:45] Truck 2: 47.58155,-52.67675; Accident=0; Door=0; TempC=20.9
[2019-04-08 13:13:45] Truck 3: 47.58155,-52.67675; Accident=0; Door=0; TempC=20.1
Warning: Sensor Accident not defined.
Warning: Sensor Door not defined.
Warning: Sensor Temperature not defined.
[2019-04-08 13:13:50] Truck 0: 47.58312,-52.67874; Accident=0; Door=0; TempC=0
[2019-04-08 13:13:50] Truck 1: 47.58135,-52.67971; Accident=0; Door=0; TempC=20.0
[2019-04-08 13:13:50] Truck 2: 47.58160,-52.67696; Accident=0; Door=0; TempC=20.9
[2019-04-08 13:13:50] Truck 3: 47.58160,-52.67696; Accident=0; Door=0; TempC=20.1
Warning: Sensor Accident not defined.
Warning: Sensor Door not defined.
Warning: Sensor Temperature not defined.
[2019-04-08 13:13:57] Truck 0: 47.58449,-52.68034; Accident=0; Door=0; TempC=0
[2019-04-08 13:13:57] Truck 1: 47.58133,-52.68071; Accident=0; Door=0; TempC=20.4
[2019-04-08 13:13:57] Truck 2: 47.58161,-52.67717; Accident=0; Door=0; TempC=20.9
[2019-04-08 13:13:57] Truck 3: 47.58161,-52.67717; Accident=0; Door=0; TempC=20.1
Warning: Sensor Accident not defined.
Warning: Sensor Door not defined.
Warning: Sensor Temperature not defined.
[2019-04-08 13:14:02] Truck 0: 47.58488,-52.68121; Accident=0; Door=0; TempC=0
[2019-04-08 13:14:02] Truck 1: 47.58131,-52.68169; Accident=0; Door=0; TempC=21.2
[2019-04-08 13:14:02] Truck 2: 47.58163,-52.67781; Accident=0; Door=0; TempC=20.9
[2019-04-08 13:14:02] Truck 3: 47.58163,-52.67781; Accident=0; Door=0; TempC=20.1
Warning: Sensor Accident not defined.
Warning: Sensor Door not defined.
Warning: Sensor Temperature not defined.
[2019-04-08 13:15:14] Truck 0: 47.58471,-52.68278; Accident=0; Door=0; TempC=0
[2019-04-08 13:15:14] Truck 1: 47.58060,-52.68289; Accident=0; Door=0; TempC=21.2
[2019-04-08 13:15:14] Truck 2: 47.58171,-52.67804; Accident=0; Door=0; TempC=20.9
[2019-04-08 13:15:14] Truck 3: 47.58171,-52.67804; Accident=0; Door=0; TempC=20.1
Warning: User typed Ctrl-C.  Exiting.
