==============================================================================
fleetsimOSS.pl v2.00a
Command line: -offline
Run Date/Time: 2018-10-12 16:06:49
Running simulation.  Type 'Ctrl C' at anytime to end simulation.
Reading truck route info ...
Reading warehouse info...
Warehouse Name: Quidi Vidi Brewery; Lat: 47.58136; Long: -52.67638
Resetting all trucks...
[2018-10-12 16:06:49] Truck 0: 47.58136,-52.67638; Accident=0; Door=0; TempC=20.0
[2018-10-12 16:06:49] Truck 1: 47.58136,-52.67638; Accident=0; Door=0; TempC=20.0
[2018-10-12 16:06:49] Truck 2: 47.58136,-52.67638; Accident=0; Door=0; TempC=20.0
[2018-10-12 16:06:49] Truck 3: 47.58136,-52.67638; Accident=0; Door=0; TempC=20.0
Simulation starts in:
5 seconds...
4 seconds...
3 seconds...
2 seconds...
1 seconds...
4 Trucks are on the way!
Truck data will update every 5 seconds for a maximum of 3600 seconds (~720 samples/truck)...
[2018-10-12 16:06:59] Truck 0: 47.58136,-52.67638; Accident=0; Door=0; TempC=19.8
[2018-10-12 16:06:59] Truck 1: 47.58136,-52.67638; Accident=0; Door=0; TempC=19.2
[2018-10-12 16:06:59] Truck 2: 47.58136,-52.67638; Accident=0; Door=0; TempC=20.0
[2018-10-12 16:06:59] Truck 3: 47.58136,-52.67638; Accident=0; Door=0; TempC=20.0
[2018-10-12 16:07:04] Truck 0: 47.58163,-52.67781; Accident=0; Door=0; TempC=20.3
[2018-10-12 16:07:04] Truck 1: 47.58163,-52.67781; Accident=0; Door=0; TempC=19.2
[2018-10-12 16:07:04] Truck 2: 47.58146,-52.67653; Accident=0; Door=0; TempC=20.2
[2018-10-12 16:07:04] Truck 3: 47.58146,-52.67653; Accident=0; Door=0; TempC=20.0
[2018-10-12 16:07:09] Truck 0: 47.58158,-52.67874; Accident=0; Door=0; TempC=21.0
[2018-10-12 16:07:09] Truck 1: 47.58158,-52.67874; Accident=0; Door=0; TempC=19.2
[2018-10-12 16:07:09] Truck 2: 47.58155,-52.67675; Accident=0; Door=0; TempC=20.2
[2018-10-12 16:07:09] Truck 3: 47.58155,-52.67675; Accident=0; Door=0; TempC=20.0
[2018-10-12 16:07:14] Truck 0: 47.58312,-52.67874; Accident=0; Door=0; TempC=20.7
[2018-10-12 16:07:14] Truck 1: 47.58135,-52.67971; Accident=0; Door=0; TempC=19.2
[2018-10-12 16:07:14] Truck 2: 47.58160,-52.67696; Accident=0; Door=0; TempC=20.2
[2018-10-12 16:07:14] Truck 3: 47.58160,-52.67696; Accident=0; Door=0; TempC=20.0
[2018-10-12 16:07:19] Truck 0: 47.58449,-52.68034; Accident=0; Door=0; TempC=20.1
[2018-10-12 16:07:19] Truck 1: 47.58133,-52.68071; Accident=0; Door=0; TempC=19.2
[2018-10-12 16:07:19] Truck 2: 47.58161,-52.67717; Accident=0; Door=0; TempC=20.2
[2018-10-12 16:07:19] Truck 3: 47.58161,-52.67717; Accident=0; Door=0; TempC=20.0
[2018-10-12 16:07:24] Truck 0: 47.58488,-52.68121; Accident=0; Door=0; TempC=20.2
[2018-10-12 16:07:24] Truck 1: 47.58131,-52.68169; Accident=1; Door=0; TempC=19.2
[2018-10-12 16:07:24] Truck 2: 47.58163,-52.67781; Accident=0; Door=0; TempC=20.2
[2018-10-12 16:07:24] Truck 3: 47.58163,-52.67781; Accident=0; Door=0; TempC=20.0
[2018-10-12 16:07:29] Truck 0: 47.58471,-52.68278; Accident=0; Door=0; TempC=20.2
[2018-10-12 16:07:29] Truck 1: 47.58131,-52.68169; Accident=1; Door=0; TempC=19.2
[2018-10-12 16:07:29] Truck 2: 47.58171,-52.67804; Accident=0; Door=0; TempC=20.2
[2018-10-12 16:07:29] Truck 3: 47.58171,-52.67804; Accident=0; Door=0; TempC=20.0
[2018-10-12 16:07:34] Truck 0: 47.58449,-52.68403; Accident=0; Door=0; TempC=20.2
[2018-10-12 16:07:34] Truck 1: 47.58131,-52.68169; Accident=1; Door=1; TempC=19.3
[2018-10-12 16:07:34] Truck 2: 47.58180,-52.67819; Accident=0; Door=0; TempC=20.2
[2018-10-12 16:07:34] Truck 3: 47.58180,-52.67819; Accident=0; Door=0; TempC=20.0
[2018-10-12 16:07:39] Truck 0: 47.58662,-52.68422; Accident=0; Door=0; TempC=20.2
[2018-10-12 16:07:39] Truck 1: 47.58131,-52.68169; Accident=1; Door=1; TempC=19.4
[2018-10-12 16:07:39] Truck 2: 47.58167,-52.67850; Accident=0; Door=0; TempC=20.2
[2018-10-12 16:07:39] Truck 3: 47.58167,-52.67850; Accident=0; Door=0; TempC=20.0
[2018-10-12 16:07:44] Truck 0: 47.58811,-52.68444; Accident=0; Door=0; TempC=20.0
[2018-10-12 16:07:44] Truck 1: 47.58131,-52.68169; Accident=1; Door=1; TempC=19.5
[2018-10-12 16:07:44] Truck 2: 47.58158,-52.67874; Accident=0; Door=0; TempC=20.2
[2018-10-12 16:07:44] Truck 3: 47.58158,-52.67874; Accident=0; Door=0; TempC=20.0
[2018-10-12 16:07:49] Truck 0: 47.58986,-52.68579; Accident=0; Door=0; TempC=19.7
[2018-10-12 16:07:49] Truck 1: 47.58131,-52.68169; Accident=1; Door=1; TempC=19.6
[2018-10-12 16:07:49] Truck 2: 47.58153,-52.67897; Accident=0; Door=0; TempC=20.2
[2018-10-12 16:07:49] Truck 3: 47.58153,-52.67897; Accident=0; Door=0; TempC=20.0
[2018-10-12 16:07:54] Truck 0: 47.59131,-52.68628; Accident=0; Door=0; TempC=19.9
[2018-10-12 16:07:54] Truck 1: 47.58131,-52.68169; Accident=1; Door=1; TempC=19.7
[2018-10-12 16:07:54] Truck 2: 47.58152,-52.67907; Accident=0; Door=0; TempC=20.2
[2018-10-12 16:07:54] Truck 3: 47.58152,-52.67907; Accident=0; Door=0; TempC=20.0
[2018-10-12 16:07:59] Truck 0: 47.59226,-52.68722; Accident=0; Door=0; TempC=19.9
[2018-10-12 16:07:59] Truck 1: 47.58131,-52.68169; Accident=1; Door=1; TempC=19.8
[2018-10-12 16:07:59] Truck 2: 47.58146,-52.67918; Accident=0; Door=0; TempC=19.3
[2018-10-12 16:07:59] Truck 3: 47.58160,-52.67898; Accident=0; Door=0; TempC=20.0
[2018-10-12 16:08:04] Truck 0: 47.59376,-52.68800; Accident=0; Door=0; TempC=19.9
[2018-10-12 16:08:04] Truck 1: 47.58131,-52.68169; Accident=1; Door=0; TempC=19.8
[2018-10-12 16:08:04] Truck 2: 47.58140,-52.67938; Accident=0; Door=0; TempC=19.3
[2018-10-12 16:08:04] Truck 3: 47.58180,-52.67883; Accident=0; Door=0; TempC=20.0
[2018-10-12 16:08:09] Truck 0: 47.59480,-52.68900; Accident=0; Door=0; TempC=19.9
[2018-10-12 16:08:09] Truck 1: 47.58131,-52.68169; Accident=1; Door=0; TempC=19.8
[2018-10-12 16:08:09] Truck 2: 47.58135,-52.67971; Accident=0; Door=0; TempC=19.3
[2018-10-12 16:08:09] Truck 3: 47.58195,-52.67875; Accident=0; Door=0; TempC=20.0
[2018-10-12 16:08:14] Truck 0: 47.59541,-52.69030; Accident=0; Door=0; TempC=19.4
[2018-10-12 16:08:14] Truck 1: 47.58131,-52.68169; Accident=1; Door=0; TempC=19.8
[2018-10-12 16:08:14] Truck 2: 47.58133,-52.68071; Accident=0; Door=0; TempC=19.3
[2018-10-12 16:08:14] Truck 3: 47.58213,-52.67869; Accident=0; Door=0; TempC=20.0
[2018-10-12 16:08:19] Truck 0: 47.59568,-52.69130; Accident=0; Door=0; TempC=19.4
[2018-10-12 16:08:19] Truck 1: 47.58131,-52.68169; Accident=1; Door=0; TempC=19.8
[2018-10-12 16:08:19] Truck 2: 47.58136,-52.68124; Accident=0; Door=0; TempC=19.3
[2018-10-12 16:08:19] Truck 3: 47.58229,-52.67867; Accident=0; Door=0; TempC=19.9
[2018-10-12 16:08:24] Truck 0: 47.59592,-52.69263; Accident=0; Door=0; TempC=19.4
[2018-10-12 16:08:24] Truck 1: 47.58131,-52.68169; Accident=0; Door=0; TempC=19.8
[2018-10-12 16:08:24] Truck 2: 47.58136,-52.68147; Accident=0; Door=0; TempC=19.3
[2018-10-12 16:08:24] Truck 3: 47.58260,-52.67873; Accident=0; Door=0; TempC=19.9
[2018-10-12 16:08:29] Truck 0: 47.59628,-52.69355; Accident=0; Door=0; TempC=19.4
[2018-10-12 16:08:29] Truck 1: 47.58060,-52.68289; Accident=0; Door=0; TempC=19.8
[2018-10-12 16:08:29] Truck 2: 47.58131,-52.68169; Accident=0; Door=0; TempC=19.3
[2018-10-12 16:08:29] Truck 3: 47.58277,-52.67872; Accident=0; Door=0; TempC=19.9
[2018-10-12 16:08:34] Truck 0: 47.59705,-52.69485; Accident=0; Door=0; TempC=18.7
[2018-10-12 16:08:34] Truck 1: 47.57982,-52.68474; Accident=0; Door=0; TempC=19.8
[2018-10-12 16:08:34] Truck 2: 47.58085,-52.68243; Accident=0; Door=0; TempC=19.3
[2018-10-12 16:08:34] Truck 3: 47.58293,-52.67873; Accident=0; Door=0; TempC=19.9
[2018-10-12 16:08:39] Truck 0: 47.59779,-52.69691; Accident=0; Door=0; TempC=19.4
[2018-10-12 16:08:39] Truck 1: 47.57830,-52.68957; Accident=1; Door=0; TempC=19.8
[2018-10-12 16:08:39] Truck 2: 47.58060,-52.68289; Accident=0; Door=0; TempC=19.3
[2018-10-12 16:08:39] Truck 3: 47.58312,-52.67874; Accident=0; Door=0; TempC=19.9
[2018-10-12 16:08:44] Truck 0: 47.59822,-52.69799; Accident=0; Door=0; TempC=19.4
[2018-10-12 16:08:44] Truck 1: 47.57830,-52.68957; Accident=1; Door=0; TempC=19.8
[2018-10-12 16:08:44] Truck 2: 47.57982,-52.68474; Accident=0; Door=0; TempC=19.3
[2018-10-12 16:08:44] Truck 3: 47.58332,-52.67880; Accident=0; Door=0; TempC=19.9
[2018-10-12 16:08:49] Truck 0: 47.59892,-52.69970; Accident=0; Door=0; TempC=19.4
[2018-10-12 16:08:49] Truck 1: 47.57830,-52.68957; Accident=1; Door=1; TempC=19.9
[2018-10-12 16:08:49] Truck 2: 47.57953,-52.68561; Accident=0; Door=0; TempC=19.3
[2018-10-12 16:08:49] Truck 3: 47.58345,-52.67886; Accident=0; Door=0; TempC=19.9
[2018-10-12 16:08:54] Truck 0: 47.59981,-52.70066; Accident=0; Door=0; TempC=19.4
[2018-10-12 16:08:54] Truck 1: 47.57830,-52.68957; Accident=1; Door=1; TempC=20.0
[2018-10-12 16:08:54] Truck 2: 47.57830,-52.68957; Accident=0; Door=0; TempC=19.3
[2018-10-12 16:08:54] Truck 3: 47.58354,-52.67892; Accident=0; Door=0; TempC=19.9
[2018-10-12 16:08:59] Truck 0: 47.60086,-52.70154; Accident=0; Door=0; TempC=19.4
[2018-10-12 16:08:59] Truck 1: 47.57830,-52.68957; Accident=1; Door=1; TempC=20.1
[2018-10-12 16:08:59] Truck 2: 47.57684,-52.69400; Accident=0; Door=0; TempC=19.3
[2018-10-12 16:08:59] Truck 3: 47.58382,-52.67929; Accident=0; Door=0; TempC=19.9
[2018-10-12 16:09:04] Truck 0: 47.60156,-52.70257; Accident=0; Door=0; TempC=19.4
[2018-10-12 16:09:04] Truck 1: 47.57830,-52.68957; Accident=1; Door=1; TempC=20.2
[2018-10-12 16:09:04] Truck 2: 47.57656,-52.69471; Accident=0; Door=0; TempC=19.3
[2018-10-12 16:09:04] Truck 3: 47.58449,-52.68034; Accident=0; Door=0; TempC=19.9
[2018-10-12 16:09:09] Truck 0: 47.60159,-52.70360; Accident=0; Door=0; TempC=19.4
[2018-10-12 16:09:09] Truck 1: 47.57830,-52.68957; Accident=1; Door=1; TempC=20.3
[2018-10-12 16:09:09] Truck 2: 47.57602,-52.69585; Accident=0; Door=0; TempC=19.3
[2018-10-12 16:09:09] Truck 3: 47.58469,-52.68067; Accident=0; Door=0; TempC=19.9
[2018-10-12 16:09:14] Truck 0: 47.60138,-52.70580; Accident=0; Door=0; TempC=19.4
[2018-10-12 16:09:14] Truck 1: 47.57830,-52.68957; Accident=1; Door=1; TempC=20.4
[2018-10-12 16:09:14] Truck 2: 47.57560,-52.69671; Accident=0; Door=0; TempC=19.4
[2018-10-12 16:09:14] Truck 3: 47.58480,-52.68093; Accident=0; Door=0; TempC=19.9
[2018-10-12 16:09:19] Truck 0: 47.60127,-52.70678; Accident=0; Door=0; TempC=19.4
[2018-10-12 16:09:19] Truck 1: 47.57830,-52.68957; Accident=1; Door=0; TempC=20.4
[2018-10-12 16:09:19] Truck 2: 47.57469,-52.69696; Accident=0; Door=0; TempC=19.4
[2018-10-12 16:09:19] Truck 3: 47.58488,-52.68121; Accident=0; Door=0; TempC=19.9
[2018-10-12 16:09:24] Truck 0: 47.60073,-52.70822; Accident=0; Door=0; TempC=19.4
[2018-10-12 16:09:24] Truck 1: 47.57830,-52.68957; Accident=1; Door=0; TempC=20.4
[2018-10-12 16:09:24] Truck 2: 47.57457,-52.69701; Accident=0; Door=0; TempC=19.4
[2018-10-12 16:09:24] Truck 3: 47.58492,-52.68150; Accident=0; Door=0; TempC=19.9
[2018-10-12 16:09:29] Truck 0: 47.60006,-52.70941; Accident=0; Door=0; TempC=19.4
[2018-10-12 16:09:29] Truck 1: 47.57830,-52.68957; Accident=1; Door=0; TempC=20.9
[2018-10-12 16:09:29] Truck 2: 47.57437,-52.69714; Accident=0; Door=0; TempC=19.4
[2018-10-12 16:09:29] Truck 3: 47.58491,-52.68176; Accident=0; Door=0; TempC=19.5
[2018-10-12 16:09:34] Truck 0: 47.59965,-52.71033; Accident=0; Door=0; TempC=19.3
[2018-10-12 16:09:34] Truck 1: 47.57830,-52.68957; Accident=1; Door=0; TempC=20.9
[2018-10-12 16:09:34] Truck 2: 47.57393,-52.69750; Accident=0; Door=0; TempC=18.5
[2018-10-12 16:09:34] Truck 3: 47.58471,-52.68278; Accident=0; Door=1; TempC=19.6
[2018-10-12 16:09:39] Truck 0: 47.59918,-52.71150; Accident=0; Door=0; TempC=19.3
[2018-10-12 16:09:39] Truck 1: 47.57830,-52.68957; Accident=0; Door=0; TempC=20.9
[2018-10-12 16:09:39] Truck 2: 47.57384,-52.69754; Accident=0; Door=0; TempC=19.0
[2018-10-12 16:09:39] Truck 3: 47.58471,-52.68278; Accident=0; Door=1; TempC=19.7
[2018-10-12 16:09:44] Truck 0: 47.59891,-52.71246; Accident=0; Door=0; TempC=19.3
[2018-10-12 16:09:44] Truck 1: 47.57684,-52.69400; Accident=0; Door=0; TempC=20.9
[2018-10-12 16:09:44] Truck 2: 47.57376,-52.69757; Accident=0; Door=0; TempC=19.0
[2018-10-12 16:09:44] Truck 3: 47.58471,-52.68278; Accident=0; Door=1; TempC=19.8
[2018-10-12 16:09:49] Truck 0: 47.59883,-52.71351; Accident=0; Door=0; TempC=19.3
[2018-10-12 16:09:49] Truck 1: 47.57602,-52.69585; Accident=0; Door=0; TempC=21.7
[2018-10-12 16:09:49] Truck 2: 47.57283,-52.69763; Accident=0; Door=0; TempC=18.3
[2018-10-12 16:09:49] Truck 3: 47.58471,-52.68278; Accident=0; Door=1; TempC=19.9
[2018-10-12 16:09:54] Truck 0: 47.59860,-52.71454; Accident=0; Door=0; TempC=19.6
[2018-10-12 16:09:54] Truck 1: 47.57503,-52.69803; Accident=0; Door=0; TempC=21.7
[2018-10-12 16:09:54] Truck 2: 47.57240,-52.69765; Accident=0; Door=0; TempC=18.3
[2018-10-12 16:09:54] Truck 3: 47.58471,-52.68278; Accident=0; Door=1; TempC=20.0
[2018-10-12 16:09:59] Truck 0: 47.59772,-52.71675; Accident=0; Door=0; TempC=19.6
[2018-10-12 16:09:59] Truck 1: 47.57429,-52.69934; Accident=0; Door=0; TempC=21.7
[2018-10-12 16:09:59] Truck 2: 47.57223,-52.69770; Accident=0; Door=0; TempC=18.3
[2018-10-12 16:09:59] Truck 3: 47.58471,-52.68278; Accident=0; Door=1; TempC=20.1
[2018-10-12 16:10:04] Truck 0: 47.59735,-52.71797; Accident=0; Door=0; TempC=19.6
[2018-10-12 16:10:04] Truck 1: 47.57512,-52.70208; Accident=0; Door=0; TempC=21.7
[2018-10-12 16:10:04] Truck 2: 47.57218,-52.69770; Accident=0; Door=0; TempC=18.3
[2018-10-12 16:10:04] Truck 3: 47.58471,-52.68278; Accident=0; Door=0; TempC=20.1
[2018-10-12 16:10:09] Truck 0: 47.59731,-52.71910; Accident=0; Door=0; TempC=19.6
[2018-10-12 16:10:09] Truck 1: 47.57507,-52.70324; Accident=0; Door=0; TempC=21.9
[2018-10-12 16:10:09] Truck 2: 47.57164,-52.69758; Accident=0; Door=0; TempC=18.3
[2018-10-12 16:10:09] Truck 3: 47.58455,-52.68362; Accident=0; Door=0; TempC=20.4
[2018-10-12 16:10:14] Truck 0: 47.59743,-52.72121; Accident=0; Door=0; TempC=19.6
[2018-10-12 16:10:14] Truck 1: 47.57458,-52.70418; Accident=0; Door=0; TempC=21.9
[2018-10-12 16:10:14] Truck 2: 47.57161,-52.69786; Accident=0; Door=0; TempC=18.3
[2018-10-12 16:10:14] Truck 3: 47.58449,-52.68403; Accident=0; Door=0; TempC=20.4
[2018-10-12 16:10:19] Truck 0: 47.59727,-52.72224; Accident=0; Door=0; TempC=19.6
[2018-10-12 16:10:19] Truck 1: 47.57343,-52.70786; Accident=0; Door=0; TempC=21.9
[2018-10-12 16:10:19] Truck 2: 47.57084,-52.69745; Accident=0; Door=0; TempC=18.3
[2018-10-12 16:10:19] Truck 3: 47.58447,-52.68430; Accident=0; Door=0; TempC=20.4
[2018-10-12 16:10:24] Truck 0: 47.59637,-52.72399; Accident=0; Door=0; TempC=19.4
[2018-10-12 16:10:24] Truck 1: 47.57204,-52.70726; Accident=0; Door=0; TempC=21.1
[2018-10-12 16:10:24] Truck 2: 47.57083,-52.69750; Accident=0; Door=0; TempC=18.3
[2018-10-12 16:10:24] Truck 3: 47.58558,-52.68430; Accident=0; Door=0; TempC=20.4
[2018-10-12 16:10:29] Truck 0: 47.59549,-52.72589; Accident=0; Door=0; TempC=19.4
[2018-10-12 16:10:29] Truck 1: 47.57091,-52.70595; Accident=0; Door=0; TempC=21.6
[2018-10-12 16:10:29] Truck 2: 47.57057,-52.69819; Accident=0; Door=0; TempC=18.3
[2018-10-12 16:10:29] Truck 3: 47.58662,-52.68422; Accident=0; Door=0; TempC=20.4
[2018-10-12 16:10:34] Truck 0: 47.59668,-52.72724; Accident=0; Door=0; TempC=19.4
[2018-10-12 16:10:34] Truck 1: 47.57008,-52.70706; Accident=0; Door=0; TempC=21.6
[2018-10-12 16:10:34] Truck 2: 47.56959,-52.70047; Accident=0; Door=0; TempC=19.2
[2018-10-12 16:10:34] Truck 3: 47.58717,-52.68421; Accident=0; Door=0; TempC=20.4
[2018-10-12 16:10:39] Truck 0: 47.59786,-52.72819; Accident=0; Door=0; TempC=19.4
[2018-10-12 16:10:39] Truck 1: 47.56906,-52.70800; Accident=0; Door=0; TempC=21.6
[2018-10-12 16:10:39] Truck 2: 47.56922,-52.70118; Accident=0; Door=0; TempC=19.2
[2018-10-12 16:10:39] Truck 3: 47.58734,-52.68419; Accident=0; Door=0; TempC=20.4
[2018-10-12 16:10:44] Truck 0: 47.59877,-52.72913; Accident=0; Door=0; TempC=19.4
[2018-10-12 16:10:44] Truck 1: 47.56738,-52.70927; Accident=0; Door=0; TempC=21.6
[2018-10-12 16:10:44] Truck 2: 47.56913,-52.70132; Accident=0; Door=0; TempC=19.2
[2018-10-12 16:10:44] Truck 3: 47.58769,-52.68422; Accident=0; Door=0; TempC=20.4
[2018-10-12 16:10:49] Truck 0: 47.59947,-52.73020; Accident=0; Door=0; TempC=19.4
[2018-10-12 16:10:49] Truck 1: 47.56692,-52.71017; Accident=0; Door=0; TempC=21.6
[2018-10-12 16:10:49] Truck 2: 47.56853,-52.70197; Accident=0; Door=0; TempC=19.2
[2018-10-12 16:10:49] Truck 3: 47.58782,-52.68426; Accident=0; Door=0; TempC=20.4
[2018-10-12 16:10:54] Truck 0: 47.59996,-52.73135; Accident=0; Door=0; TempC=19.4
[2018-10-12 16:10:54] Truck 1: 47.56588,-52.71093; Accident=0; Door=0; TempC=21.3
[2018-10-12 16:10:54] Truck 2: 47.56839,-52.70217; Accident=0; Door=0; TempC=19.2
[2018-10-12 16:10:54] Truck 3: 47.58797,-52.68435; Accident=0; Door=0; TempC=20.4
[2018-10-12 16:10:59] Truck 0: 47.60032,-52.73259; Accident=0; Door=0; TempC=19.3
[2018-10-12 16:10:59] Truck 1: 47.56492,-52.71260; Accident=0; Door=0; TempC=21.3
[2018-10-12 16:10:59] Truck 2: 47.56758,-52.70316; Accident=0; Door=0; TempC=19.2
[2018-10-12 16:10:59] Truck 3: 47.58811,-52.68444; Accident=0; Door=0; TempC=20.4
[2018-10-12 16:11:04] Truck 0: 47.60066,-52.73388; Accident=0; Door=0; TempC=19.3
[2018-10-12 16:11:04] Truck 1: 47.56431,-52.71464; Accident=0; Door=0; TempC=21.3
[2018-10-12 16:11:04] Truck 2: 47.56728,-52.70354; Accident=0; Door=0; TempC=19.2
[2018-10-12 16:11:04] Truck 3: 47.58855,-52.68494; Accident=0; Door=0; TempC=20.4
[2018-10-12 16:11:09] Truck 0: 47.60155,-52.73732; Accident=0; Door=0; TempC=19.3
[2018-10-12 16:11:09] Truck 1: 47.56405,-52.71573; Accident=0; Door=0; TempC=21.3
[2018-10-12 16:11:09] Truck 2: 47.56674,-52.70422; Accident=0; Door=0; TempC=18.2
[2018-10-12 16:11:09] Truck 3: 47.58865,-52.68502; Accident=0; Door=0; TempC=20.4
[2018-10-12 16:11:14] Truck 0: 47.60214,-52.73932; Accident=0; Door=0; TempC=19.3
[2018-10-12 16:11:14] Truck 1: 47.56386,-52.71665; Accident=0; Door=1; TempC=21.4
[2018-10-12 16:11:14] Truck 2: 47.56642,-52.70460; Accident=0; Door=0; TempC=18.2
[2018-10-12 16:11:14] Truck 3: 47.58986,-52.68579; Accident=0; Door=0; TempC=20.4
[2018-10-12 16:11:19] Truck 0: 47.60247,-52.74028; Accident=0; Door=0; TempC=19.3
[2018-10-12 16:11:19] Truck 1: 47.56386,-52.71665; Accident=0; Door=1; TempC=21.5
[2018-10-12 16:11:19] Truck 2: 47.56616,-52.70490; Accident=0; Door=0; TempC=18.2
[2018-10-12 16:11:19] Truck 3: 47.59019,-52.68594; Accident=0; Door=0; TempC=20.4
[2018-10-12 16:11:24] Truck 0: 47.60289,-52.74115; Accident=0; Door=0; TempC=19.3
[2018-10-12 16:11:24] Truck 1: 47.56386,-52.71665; Accident=0; Door=1; TempC=21.6
[2018-10-12 16:11:24] Truck 2: 47.56591,-52.70453; Accident=0; Door=0; TempC=18.2
[2018-10-12 16:11:24] Truck 3: 47.59049,-52.68605; Accident=0; Door=0; TempC=20.4
[2018-10-12 16:11:29] Truck 0: 47.60379,-52.74238; Accident=0; Door=0; TempC=18.8
[2018-10-12 16:11:29] Truck 1: 47.56386,-52.71665; Accident=0; Door=1; TempC=21.7
[2018-10-12 16:11:29] Truck 2: 47.56576,-52.70431; Accident=0; Door=0; TempC=18.2
[2018-10-12 16:11:29] Truck 3: 47.59131,-52.68628; Accident=0; Door=0; TempC=20.4
[2018-10-12 16:11:34] Truck 0: 47.60480,-52.74318; Accident=0; Door=0; TempC=18.8
[2018-10-12 16:11:34] Truck 1: 47.56386,-52.71665; Accident=0; Door=1; TempC=21.8
[2018-10-12 16:11:34] Truck 2: 47.56570,-52.70426; Accident=0; Door=0; TempC=18.2
[2018-10-12 16:11:34] Truck 3: 47.59189,-52.68639; Accident=0; Door=0; TempC=20.4
[2018-10-12 16:11:39] Truck 0: 47.60658,-52.74380; Accident=0; Door=0; TempC=18.8
[2018-10-12 16:11:39] Truck 1: 47.56386,-52.71665; Accident=0; Door=0; TempC=21.8
[2018-10-12 16:11:39] Truck 2: 47.56562,-52.70423; Accident=0; Door=0; TempC=18.2
[2018-10-12 16:11:39] Truck 3: 47.59180,-52.68670; Accident=0; Door=0; TempC=20.4
[2018-10-12 16:11:44] Truck 0: 47.60792,-52.74421; Accident=0; Door=0; TempC=18.8
[2018-10-12 16:11:44] Truck 1: 47.56367,-52.71836; Accident=0; Door=0; TempC=21.8
[2018-10-12 16:11:44] Truck 2: 47.56558,-52.70424; Accident=0; Door=0; TempC=18.2
[2018-10-12 16:11:44] Truck 3: 47.59179,-52.68687; Accident=0; Door=0; TempC=19.6
[2018-10-12 16:11:49] Truck 0: 47.60903,-52.74516; Accident=0; Door=0; TempC=18.8
[2018-10-12 16:11:49] Truck 1: 47.56482,-52.71973; Accident=0; Door=0; TempC=21.8
[2018-10-12 16:11:49] Truck 2: 47.56550,-52.70428; Accident=0; Door=0; TempC=18.2
[2018-10-12 16:11:49] Truck 3: 47.59182,-52.68693; Accident=0; Door=0; TempC=19.6
[2018-10-12 16:11:54] Truck 0: 47.60970,-52.74624; Accident=0; Door=0; TempC=18.8
[2018-10-12 16:11:54] Truck 1: 47.56587,-52.72045; Accident=0; Door=0; TempC=21.8
[2018-10-12 16:11:54] Truck 2: 47.56541,-52.70436; Accident=0; Door=0; TempC=17.9
[2018-10-12 16:11:54] Truck 3: 47.59187,-52.68698; Accident=0; Door=0; TempC=19.6
[2018-10-12 16:11:59] Truck 0: 47.61008,-52.74735; Accident=0; Door=0; TempC=18.8
[2018-10-12 16:11:59] Truck 1: 47.56711,-52.72132; Accident=0; Door=0; TempC=21.8
[2018-10-12 16:11:59] Truck 2: 47.56400,-52.70586; Accident=0; Door=0; TempC=18.8
[2018-10-12 16:11:59] Truck 3: 47.59226,-52.68722; Accident=0; Door=0; TempC=19.6
[2018-10-12 16:12:04] Truck 0: 47.61073,-52.75053; Accident=0; Door=0; TempC=18.8
[2018-10-12 16:12:04] Truck 1: 47.56810,-52.72201; Accident=0; Door=0; TempC=21.8
[2018-10-12 16:12:04] Truck 2: 47.56261,-52.70728; Accident=0; Door=0; TempC=18.8
[2018-10-12 16:12:04] Truck 3: 47.59253,-52.68736; Accident=0; Door=0; TempC=19.6
[2018-10-12 16:12:09] Truck 0: 47.61124,-52.75139; Accident=0; Door=0; TempC=18.8
[2018-10-12 16:12:09] Truck 1: 47.56925,-52.72289; Accident=0; Door=0; TempC=21.8
[2018-10-12 16:12:09] Truck 2: 47.56188,-52.70803; Accident=0; Door=0; TempC=18.8
[2018-10-12 16:12:09] Truck 3: 47.59376,-52.68800; Accident=0; Door=0; TempC=19.6
[2018-10-12 16:12:14] Truck 0: 47.61238,-52.75081; Accident=0; Door=0; TempC=19.8
[2018-10-12 16:12:14] Truck 1: 47.57073,-52.72379; Accident=0; Door=0; TempC=22.1
[2018-10-12 16:12:14] Truck 2: 47.56177,-52.70818; Accident=0; Door=0; TempC=18.8
[2018-10-12 16:12:14] Truck 3: 47.59409,-52.68820; Accident=0; Door=0; TempC=18.7
[2018-10-12 16:12:19] Truck 0: 47.61285,-52.74968; Accident=0; Door=0; TempC=19.8
[2018-10-12 16:12:19] Truck 1: 47.57175,-52.72451; Accident=0; Door=1; TempC=22.2
[2018-10-12 16:12:19] Truck 2: 47.56155,-52.70857; Accident=0; Door=0; TempC=18.8
[2018-10-12 16:12:19] Truck 3: 47.59418,-52.68827; Accident=0; Door=0; TempC=18.7
[2018-10-12 16:12:24] Truck 0: 47.61255,-52.74828; Accident=0; Door=0; TempC=19.8
[2018-10-12 16:12:24] Truck 1: 47.57175,-52.72451; Accident=0; Door=1; TempC=22.3
[2018-10-12 16:12:24] Truck 2: 47.56115,-52.70914; Accident=0; Door=0; TempC=18.5
[2018-10-12 16:12:24] Truck 3: 47.59448,-52.68858; Accident=0; Door=0; TempC=18.7
[2018-10-12 16:12:29] Truck 0: 47.61063,-52.74484; Accident=0; Door=0; TempC=19.8
[2018-10-12 16:12:29] Truck 1: 47.57175,-52.72451; Accident=0; Door=1; TempC=22.4
[2018-10-12 16:12:29] Truck 2: 47.56082,-52.70946; Accident=0; Door=0; TempC=18.5
[2018-10-12 16:12:29] Truck 3: 47.59480,-52.68900; Accident=0; Door=0; TempC=18.5
[2018-10-12 16:12:34] Truck 0: 47.61014,-52.74389; Accident=0; Door=0; TempC=19.8
[2018-10-12 16:12:34] Truck 1: 47.57175,-52.72451; Accident=0; Door=1; TempC=22.5
[2018-10-12 16:12:34] Truck 2: 47.56064,-52.70958; Accident=0; Door=0; TempC=17.5
[2018-10-12 16:12:34] Truck 3: 47.59501,-52.68935; Accident=0; Door=0; TempC=18.5
[2018-10-12 16:12:39] Truck 0: 47.60994,-52.74288; Accident=0; Door=0; TempC=19.8
[2018-10-12 16:12:39] Truck 1: 47.57175,-52.72451; Accident=0; Door=1; TempC=22.6
[2018-10-12 16:12:39] Truck 2: 47.56035,-52.70967; Accident=0; Door=0; TempC=18.1
[2018-10-12 16:12:39] Truck 3: 47.59515,-52.68965; Accident=0; Door=0; TempC=18.5
[2018-10-12 16:12:44] Truck 0: 47.61038,-52.74193; Accident=0; Door=0; TempC=19.8
[2018-10-12 16:12:44] Truck 1: 47.57175,-52.72451; Accident=0; Door=1; TempC=22.7
[2018-10-12 16:12:44] Truck 2: 47.56004,-52.70982; Accident=0; Door=0; TempC=18.1
[2018-10-12 16:12:44] Truck 3: 47.59541,-52.69030; Accident=0; Door=0; TempC=18.5
[2018-10-12 16:12:49] Truck 0: 47.61285,-52.74341; Accident=0; Door=0; TempC=19.8
[2018-10-12 16:12:49] Truck 1: 47.57175,-52.72451; Accident=0; Door=0; TempC=21.9
[2018-10-12 16:12:49] Truck 2: 47.55963,-52.71002; Accident=0; Door=0; TempC=18.1
[2018-10-12 16:12:49] Truck 3: 47.59557,-52.69086; Accident=0; Door=0; TempC=18.5
[2018-10-12 16:12:54] Truck 0: 47.61311,-52.74434; Accident=0; Door=0; TempC=19.8
[2018-10-12 16:12:54] Truck 1: 47.57274,-52.72521; Accident=0; Door=0; TempC=21.9
[2018-10-12 16:12:54] Truck 2: 47.55945,-52.71018; Accident=0; Door=0; TempC=18.1
[2018-10-12 16:12:54] Truck 3: 47.59568,-52.69130; Accident=0; Door=0; TempC=18.5
[2018-10-12 16:12:59] Truck 0: 47.61287,-52.74546; Accident=0; Door=0; TempC=19.8
[2018-10-12 16:12:59] Truck 1: 47.57415,-52.72626; Accident=0; Door=0; TempC=21.9
[2018-10-12 16:12:59] Truck 2: 47.55935,-52.71028; Accident=0; Door=0; TempC=18.1
[2018-10-12 16:12:59] Truck 3: 47.59592,-52.69263; Accident=0; Door=0; TempC=18.5
[2018-10-12 16:13:04] Truck 0: 47.61116,-52.74578; Accident=1; Door=0; TempC=20.3
[2018-10-12 16:13:04] Truck 1: 47.57562,-52.72744; Accident=0; Door=0; TempC=21.2
[2018-10-12 16:13:04] Truck 2: 47.55930,-52.71037; Accident=0; Door=0; TempC=18.1
[2018-10-12 16:13:04] Truck 3: 47.59608,-52.69315; Accident=0; Door=0; TempC=18.5
[2018-10-12 16:13:09] Truck 0: 47.61116,-52.74578; Accident=1; Door=0; TempC=20.4
[2018-10-12 16:13:09] Truck 1: 47.57694,-52.72828; Accident=0; Door=0; TempC=21.2
[2018-10-12 16:13:09] Truck 2: 47.55923,-52.71053; Accident=0; Door=0; TempC=18.1
[2018-10-12 16:13:09] Truck 3: 47.59628,-52.69355; Accident=0; Door=0; TempC=18.5
[2018-10-12 16:13:14] Truck 0: 47.61116,-52.74578; Accident=1; Door=0; TempC=20.4
[2018-10-12 16:13:14] Truck 1: 47.57838,-52.72772; Accident=0; Door=0; TempC=22.1
[2018-10-12 16:13:14] Truck 2: 47.55918,-52.71079; Accident=0; Door=0; TempC=18.1
[2018-10-12 16:13:14] Truck 3: 47.59676,-52.69430; Accident=0; Door=0; TempC=18.2
[2018-10-12 16:13:19] Truck 0: 47.61116,-52.74578; Accident=1; Door=0; TempC=20.4
[2018-10-12 16:13:19] Truck 1: 47.57948,-52.72675; Accident=0; Door=0; TempC=22.1
[2018-10-12 16:13:19] Truck 2: 47.55917,-52.71110; Accident=0; Door=0; TempC=18.1
[2018-10-12 16:13:19] Truck 3: 47.59705,-52.69485; Accident=0; Door=0; TempC=18.2
[2018-10-12 16:13:24] Truck 0: 47.61116,-52.74578; Accident=1; Door=0; TempC=20.4
[2018-10-12 16:13:24] Truck 1: 47.58044,-52.72598; Accident=0; Door=0; TempC=21.6
[2018-10-12 16:13:24] Truck 2: 47.55919,-52.71134; Accident=0; Door=0; TempC=18.1
[2018-10-12 16:13:24] Truck 3: 47.59724,-52.69531; Accident=0; Door=0; TempC=18.2
[2018-10-12 16:13:29] Truck 0: 47.61116,-52.74578; Accident=1; Door=0; TempC=20.4
[2018-10-12 16:13:29] Truck 1: 47.58127,-52.72474; Accident=0; Door=0; TempC=21.9
[2018-10-12 16:13:29] Truck 2: 47.55920,-52.71166; Accident=0; Door=0; TempC=18.1
[2018-10-12 16:13:29] Truck 3: 47.59779,-52.69691; Accident=0; Door=0; TempC=18.2
[2018-10-12 16:13:34] Truck 0: 47.61116,-52.74578; Accident=1; Door=0; TempC=20.0
[2018-10-12 16:13:34] Truck 1: 47.58187,-52.72355; Accident=0; Door=0; TempC=21.9
[2018-10-12 16:13:34] Truck 2: 47.55920,-52.71179; Accident=0; Door=0; TempC=18.1
[2018-10-12 16:13:34] Truck 3: 47.59822,-52.69799; Accident=0; Door=0; TempC=18.2
[2018-10-12 16:13:39] Truck 0: 47.61116,-52.74578; Accident=1; Door=0; TempC=20.0
[2018-10-12 16:13:39] Truck 1: 47.58273,-52.72257; Accident=0; Door=0; TempC=21.9
[2018-10-12 16:13:39] Truck 2: 47.55893,-52.71180; Accident=0; Door=0; TempC=18.0
[2018-10-12 16:13:39] Truck 3: 47.59892,-52.69970; Accident=0; Door=0; TempC=18.2
[2018-10-12 16:13:44] Truck 0: 47.61116,-52.74578; Accident=1; Door=0; TempC=20.0
[2018-10-12 16:13:44] Truck 1: 47.58408,-52.72218; Accident=0; Door=0; TempC=21.9
[2018-10-12 16:13:44] Truck 2: 47.55835,-52.71183; Accident=0; Door=0; TempC=18.7
[2018-10-12 16:13:44] Truck 3: 47.59911,-52.70008; Accident=0; Door=0; TempC=18.1
[2018-10-12 16:13:49] Truck 0: 47.61116,-52.74578; Accident=1; Door=0; TempC=20.0
[2018-10-12 16:13:49] Truck 1: 47.58580,-52.72241; Accident=0; Door=0; TempC=21.9
[2018-10-12 16:13:49] Truck 2: 47.55800,-52.71180; Accident=0; Door=0; TempC=18.7
[2018-10-12 16:13:49] Truck 3: 47.59931,-52.70031; Accident=0; Door=0; TempC=18.1
[2018-10-12 16:13:54] Truck 0: 47.61116,-52.74578; Accident=1; Door=0; TempC=20.0
[2018-10-12 16:13:54] Truck 1: 47.58735,-52.72168; Accident=0; Door=0; TempC=21.9
[2018-10-12 16:13:54] Truck 2: 47.55786,-52.71182; Accident=0; Door=0; TempC=18.7
[2018-10-12 16:13:54] Truck 3: 47.59957,-52.70049; Accident=0; Door=0; TempC=18.1
[2018-10-12 16:13:59] Truck 0: 47.61116,-52.74578; Accident=1; Door=0; TempC=20.0
[2018-10-12 16:13:59] Truck 1: 47.58843,-52.72036; Accident=0; Door=0; TempC=21.9
[2018-10-12 16:13:59] Truck 2: 47.55763,-52.71191; Accident=0; Door=0; TempC=18.7
[2018-10-12 16:13:59] Truck 3: 47.59981,-52.70066; Accident=0; Door=0; TempC=18.1
[2018-10-12 16:14:04] Truck 0: 47.61116,-52.74578; Accident=0; Door=0; TempC=19.9
[2018-10-12 16:14:04] Truck 1: 47.59023,-52.71950; Accident=0; Door=0; TempC=21.9
[2018-10-12 16:14:04] Truck 2: 47.55746,-52.71200; Accident=1; Door=0; TempC=18.0
[2018-10-12 16:14:04] Truck 3: 47.60027,-52.70102; Accident=0; Door=0; TempC=18.1
[2018-10-12 16:14:09] Truck 0: 47.61176,-52.74685; Accident=0; Door=0; TempC=20.7
[2018-10-12 16:14:09] Truck 1: 47.59121,-52.71854; Accident=0; Door=0; TempC=21.9
[2018-10-12 16:14:09] Truck 2: 47.55746,-52.71200; Accident=1; Door=0; TempC=18.0
[2018-10-12 16:14:09] Truck 3: 47.60086,-52.70154; Accident=0; Door=0; TempC=18.1
[2018-10-12 16:14:14] Truck 0: 47.61255,-52.74828; Accident=0; Door=0; TempC=21.5
[2018-10-12 16:14:14] Truck 1: 47.59175,-52.71746; Accident=0; Door=0; TempC=21.9
[2018-10-12 16:14:14] Truck 2: 47.55746,-52.71200; Accident=1; Door=0; TempC=18.0
[2018-10-12 16:14:14] Truck 3: 47.60125,-52.70194; Accident=0; Door=0; TempC=18.1
[2018-10-12 16:14:19] Truck 0: 47.61287,-52.74937; Accident=0; Door=0; TempC=21.5
[2018-10-12 16:14:19] Truck 1: 47.59203,-52.71619; Accident=0; Door=0; TempC=21.9
[2018-10-12 16:14:19] Truck 2: 47.55746,-52.71200; Accident=1; Door=0; TempC=18.0
[2018-10-12 16:14:19] Truck 3: 47.60141,-52.70218; Accident=0; Door=0; TempC=18.1
[2018-10-12 16:14:24] Truck 0: 47.61262,-52.75050; Accident=0; Door=0; TempC=21.5
[2018-10-12 16:14:24] Truck 1: 47.59265,-52.71308; Accident=0; Door=0; TempC=21.9
[2018-10-12 16:14:24] Truck 2: 47.55746,-52.71200; Accident=1; Door=0; TempC=18.0
[2018-10-12 16:14:24] Truck 3: 47.60156,-52.70257; Accident=0; Door=0; TempC=19.0
[2018-10-12 16:14:29] Truck 0: 47.61137,-52.75133; Accident=0; Door=0; TempC=20.7
[2018-10-12 16:14:29] Truck 1: 47.59294,-52.71146; Accident=0; Door=0; TempC=21.9
[2018-10-12 16:14:29] Truck 2: 47.55746,-52.71200; Accident=1; Door=0; TempC=18.0
[2018-10-12 16:14:29] Truck 3: 47.60162,-52.70291; Accident=0; Door=0; TempC=19.0
[2018-10-12 16:14:34] Truck 0: 47.61017,-52.74841; Accident=0; Door=0; TempC=20.7
[2018-10-12 16:14:34] Truck 1: 47.59299,-52.70949; Accident=0; Door=0; TempC=21.9
[2018-10-12 16:14:34] Truck 2: 47.55746,-52.71200; Accident=1; Door=0; TempC=18.0
[2018-10-12 16:14:34] Truck 3: 47.60162,-52.70314; Accident=0; Door=0; TempC=19.0
[2018-10-12 16:14:39] Truck 0: 47.60990,-52.74716; Accident=0; Door=0; TempC=20.7
[2018-10-12 16:14:39] Truck 1: 47.59448,-52.70945; Accident=0; Door=0; TempC=21.9
[2018-10-12 16:14:39] Truck 2: 47.55746,-52.71200; Accident=1; Door=0; TempC=18.0
[2018-10-12 16:14:39] Truck 3: 47.60159,-52.70360; Accident=1; Door=0; TempC=19.0
[2018-10-12 16:14:44] Truck 0: 47.60956,-52.74628; Accident=0; Door=0; TempC=20.7
[2018-10-12 16:14:44] Truck 1: 47.59706,-52.71043; Accident=0; Door=0; TempC=21.9
[2018-10-12 16:14:44] Truck 2: 47.55746,-52.71200; Accident=1; Door=0; TempC=18.0
[2018-10-12 16:14:44] Truck 3: 47.60159,-52.70360; Accident=1; Door=0; TempC=19.0
[2018-10-12 16:14:49] Truck 0: 47.60890,-52.74522; Accident=0; Door=0; TempC=20.7
[2018-10-12 16:14:49] Truck 1: 47.59873,-52.71125; Accident=0; Door=0; TempC=21.9
[2018-10-12 16:14:49] Truck 2: 47.55746,-52.71200; Accident=1; Door=0; TempC=18.0
[2018-10-12 16:14:49] Truck 3: 47.60159,-52.70360; Accident=1; Door=0; TempC=19.0
[2018-10-12 16:14:54] Truck 0: 47.60792,-52.74440; Accident=0; Door=1; TempC=20.8
[2018-10-12 16:14:54] Truck 1: 47.59991,-52.71208; Accident=0; Door=0; TempC=21.9
[2018-10-12 16:14:54] Truck 2: 47.55746,-52.71200; Accident=1; Door=0; TempC=18.0
[2018-10-12 16:14:54] Truck 3: 47.60159,-52.70360; Accident=1; Door=0; TempC=19.0
[2018-10-12 16:14:59] Truck 0: 47.60792,-52.74440; Accident=0; Door=1; TempC=20.9
[2018-10-12 16:14:59] Truck 1: 47.60074,-52.71294; Accident=0; Door=0; TempC=21.9
[2018-10-12 16:14:59] Truck 2: 47.55746,-52.71200; Accident=1; Door=0; TempC=18.4
[2018-10-12 16:14:59] Truck 3: 47.60159,-52.70360; Accident=1; Door=0; TempC=18.8
[2018-10-12 16:15:04] Truck 0: 47.60792,-52.74440; Accident=0; Door=1; TempC=21.0
[2018-10-12 16:15:04] Truck 1: 47.60138,-52.71380; Accident=0; Door=0; TempC=21.1
[2018-10-12 16:15:04] Truck 2: 47.55746,-52.71200; Accident=0; Door=0; TempC=18.4
[2018-10-12 16:15:04] Truck 3: 47.60159,-52.70360; Accident=1; Door=0; TempC=18.8
[2018-10-12 16:15:09] Truck 0: 47.60792,-52.74440; Accident=0; Door=1; TempC=21.1
[2018-10-12 16:15:09] Truck 1: 47.60242,-52.71536; Accident=0; Door=0; TempC=21.1
[2018-10-12 16:15:09] Truck 2: 47.55699,-52.71224; Accident=0; Door=0; TempC=18.4
[2018-10-12 16:15:09] Truck 3: 47.60159,-52.70360; Accident=1; Door=0; TempC=18.8
[2018-10-12 16:15:14] Truck 0: 47.60792,-52.74440; Accident=0; Door=1; TempC=21.2
[2018-10-12 16:15:14] Truck 1: 47.60305,-52.71646; Accident=0; Door=0; TempC=21.1
[2018-10-12 16:15:14] Truck 2: 47.55677,-52.71238; Accident=0; Door=0; TempC=18.4
[2018-10-12 16:15:14] Truck 3: 47.60159,-52.70360; Accident=1; Door=0; TempC=18.8
[2018-10-12 16:15:19] Truck 0: 47.60792,-52.74440; Accident=0; Door=1; TempC=21.3
[2018-10-12 16:15:19] Truck 1: 47.60400,-52.71757; Accident=0; Door=0; TempC=21.1
[2018-10-12 16:15:19] Truck 2: 47.55647,-52.71264; Accident=0; Door=0; TempC=18.4
[2018-10-12 16:15:19] Truck 3: 47.60159,-52.70360; Accident=1; Door=0; TempC=18.8
[2018-10-12 16:15:24] Truck 0: 47.60792,-52.74440; Accident=0; Door=0; TempC=21.3
[2018-10-12 16:15:24] Truck 1: 47.60498,-52.71659; Accident=0; Door=0; TempC=21.1
[2018-10-12 16:15:24] Truck 2: 47.55608,-52.71298; Accident=0; Door=0; TempC=18.0
[2018-10-12 16:15:24] Truck 3: 47.60159,-52.70360; Accident=1; Door=0; TempC=18.8
[2018-10-12 16:15:29] Truck 0: 47.60603,-52.74384; Accident=0; Door=0; TempC=21.3
[2018-10-12 16:15:29] Truck 1: 47.60442,-52.71786; Accident=0; Door=1; TempC=21.2
[2018-10-12 16:15:29] Truck 2: 47.55560,-52.71336; Accident=0; Door=0; TempC=18.0
[2018-10-12 16:15:29] Truck 3: 47.60159,-52.70360; Accident=1; Door=0; TempC=18.8
[2018-10-12 16:15:34] Truck 0: 47.60471,-52.74333; Accident=0; Door=0; TempC=21.7
[2018-10-12 16:15:34] Truck 1: 47.60442,-52.71786; Accident=0; Door=1; TempC=21.3
[2018-10-12 16:15:34] Truck 2: 47.55532,-52.71353; Accident=0; Door=0; TempC=18.0
[2018-10-12 16:15:34] Truck 3: 47.60159,-52.70360; Accident=1; Door=0; TempC=18.8
[2018-10-12 16:15:39] Truck 0: 47.60370,-52.74248; Accident=0; Door=0; TempC=21.7
[2018-10-12 16:15:39] Truck 1: 47.60442,-52.71786; Accident=0; Door=1; TempC=21.4
[2018-10-12 16:15:39] Truck 2: 47.55496,-52.71374; Accident=0; Door=0; TempC=18.9
[2018-10-12 16:15:39] Truck 3: 47.60159,-52.70360; Accident=0; Door=0; TempC=18.8
[2018-10-12 16:15:44] Truck 0: 47.60291,-52.74142; Accident=0; Door=0; TempC=21.7
[2018-10-12 16:15:44] Truck 1: 47.60442,-52.71786; Accident=0; Door=1; TempC=21.5
[2018-10-12 16:15:44] Truck 2: 47.55437,-52.71404; Accident=0; Door=0; TempC=18.9
[2018-10-12 16:15:44] Truck 3: 47.60138,-52.70580; Accident=0; Door=0; TempC=18.8
[2018-10-12 16:15:49] Truck 0: 47.60226,-52.74008; Accident=0; Door=0; TempC=21.7
[2018-10-12 16:15:49] Truck 1: 47.60442,-52.71786; Accident=0; Door=1; TempC=21.6
[2018-10-12 16:15:49] Truck 2: 47.55380,-52.71439; Accident=0; Door=0; TempC=18.9
[2018-10-12 16:15:49] Truck 3: 47.60134,-52.70639; Accident=0; Door=0; TempC=18.8
[2018-10-12 16:15:54] Truck 0: 47.60191,-52.73892; Accident=0; Door=0; TempC=21.7
[2018-10-12 16:15:54] Truck 1: 47.60442,-52.71786; Accident=0; Door=0; TempC=21.6
[2018-10-12 16:15:54] Truck 2: 47.55337,-52.71473; Accident=0; Door=0; TempC=18.9
[2018-10-12 16:15:54] Truck 3: 47.60127,-52.70678; Accident=0; Door=0; TempC=18.8
[2018-10-12 16:15:59] Truck 0: 47.60155,-52.73769; Accident=0; Door=0; TempC=21.7
[2018-10-12 16:15:59] Truck 1: 47.60350,-52.71707; Accident=0; Door=0; TempC=21.1
[2018-10-12 16:15:59] Truck 2: 47.55263,-52.71554; Accident=0; Door=0; TempC=18.9
[2018-10-12 16:15:59] Truck 3: 47.60073,-52.70822; Accident=0; Door=0; TempC=18.8
[2018-10-12 16:16:04] Truck 0: 47.60092,-52.73535; Accident=0; Door=0; TempC=21.7
[2018-10-12 16:16:04] Truck 1: 47.60275,-52.71596; Accident=0; Door=0; TempC=21.1
[2018-10-12 16:16:04] Truck 2: 47.55201,-52.71628; Accident=0; Door=0; TempC=19.4
[2018-10-12 16:16:04] Truck 3: 47.60051,-52.70873; Accident=0; Door=0; TempC=18.8
[2018-10-12 16:16:09] Truck 0: 47.59993,-52.73167; Accident=0; Door=0; TempC=21.7
[2018-10-12 16:16:09] Truck 1: 47.60163,-52.71415; Accident=0; Door=0; TempC=21.1
[2018-10-12 16:16:09] Truck 2: 47.55181,-52.71644; Accident=0; Door=0; TempC=19.4
[2018-10-12 16:16:09] Truck 3: 47.60032,-52.70905; Accident=0; Door=0; TempC=18.8
[2018-10-12 16:16:14] Truck 0: 47.59932,-52.73023; Accident=0; Door=0; TempC=20.8
[2018-10-12 16:16:14] Truck 1: 47.60104,-52.71330; Accident=0; Door=0; TempC=21.1
[2018-10-12 16:16:14] Truck 2: 47.55166,-52.71665; Accident=0; Door=0; TempC=19.4
[2018-10-12 16:16:14] Truck 3: 47.60006,-52.70941; Accident=0; Door=0; TempC=18.8
[2018-10-12 16:16:19] Truck 0: 47.59839,-52.72886; Accident=0; Door=0; TempC=20.8
[2018-10-12 16:16:19] Truck 1: 47.60004,-52.71219; Accident=1; Door=0; TempC=21.1
[2018-10-12 16:16:19] Truck 2: 47.55137,-52.71705; Accident=0; Door=0; TempC=19.4
[2018-10-12 16:16:19] Truck 3: 47.59997,-52.70956; Accident=0; Door=0; TempC=18.8
[2018-10-12 16:16:24] Truck 0: 47.59721,-52.72776; Accident=0; Door=0; TempC=20.8
[2018-10-12 16:16:24] Truck 1: 47.60004,-52.71219; Accident=1; Door=0; TempC=21.1
[2018-10-12 16:16:24] Truck 2: 47.55095,-52.71757; Accident=0; Door=0; TempC=19.4
[2018-10-12 16:16:24] Truck 3: 47.59965,-52.71033; Accident=0; Door=0; TempC=18.8
[2018-10-12 16:16:29] Truck 0: 47.59566,-52.72673; Accident=0; Door=0; TempC=20.8
[2018-10-12 16:16:29] Truck 1: 47.60004,-52.71219; Accident=1; Door=0; TempC=21.1
[2018-10-12 16:16:29] Truck 2: 47.55079,-52.71773; Accident=0; Door=0; TempC=19.4
[2018-10-12 16:16:29] Truck 3: 47.59918,-52.71150; Accident=0; Door=0; TempC=18.8
[2018-10-12 16:16:34] Truck 0: 47.59586,-52.72506; Accident=0; Door=0; TempC=20.8
[2018-10-12 16:16:34] Truck 1: 47.60004,-52.71219; Accident=1; Door=0; TempC=21.1
[2018-10-12 16:16:34] Truck 2: 47.55045,-52.71801; Accident=0; Door=0; TempC=19.4
[2018-10-12 16:16:34] Truck 3: 47.59895,-52.71214; Accident=0; Door=0; TempC=18.8
[2018-10-12 16:16:39] Truck 0: 47.59656,-52.72362; Accident=0; Door=0; TempC=20.8
[2018-10-12 16:16:39] Truck 1: 47.60004,-52.71219; Accident=1; Door=0; TempC=21.1
[2018-10-12 16:16:39] Truck 2: 47.54991,-52.71841; Accident=0; Door=0; TempC=19.4
[2018-10-12 16:16:39] Truck 3: 47.59891,-52.71246; Accident=0; Door=0; TempC=18.9
[2018-10-12 16:16:44] Truck 0: 47.59722,-52.72235; Accident=0; Door=0; TempC=20.8
[2018-10-12 16:16:44] Truck 1: 47.60004,-52.71219; Accident=1; Door=0; TempC=21.1
[2018-10-12 16:16:44] Truck 2: 47.54960,-52.71868; Accident=0; Door=0; TempC=19.4
[2018-10-12 16:16:44] Truck 3: 47.59883,-52.71351; Accident=0; Door=0; TempC=18.9
[2018-10-12 16:16:49] Truck 0: 47.59743,-52.72136; Accident=0; Door=0; TempC=20.3
[2018-10-12 16:16:49] Truck 1: 47.60004,-52.71219; Accident=1; Door=0; TempC=21.1
[2018-10-12 16:16:49] Truck 2: 47.54921,-52.71913; Accident=0; Door=0; TempC=19.4
[2018-10-12 16:16:49] Truck 3: 47.59875,-52.71403; Accident=0; Door=0; TempC=18.9
[2018-10-12 16:16:54] Truck 0: 47.59734,-52.71960; Accident=0; Door=0; TempC=20.3
[2018-10-12 16:16:54] Truck 1: 47.60004,-52.71219; Accident=1; Door=0; TempC=21.1
[2018-10-12 16:16:54] Truck 2: 47.54891,-52.71948; Accident=0; Door=1; TempC=19.5
[2018-10-12 16:16:54] Truck 3: 47.59860,-52.71454; Accident=0; Door=0; TempC=19.7
[2018-10-12 16:16:59] Truck 0: 47.59729,-52.71863; Accident=0; Door=0; TempC=20.3
[2018-10-12 16:16:59] Truck 1: 47.60004,-52.71219; Accident=1; Door=0; TempC=21.1
[2018-10-12 16:16:59] Truck 2: 47.54891,-52.71948; Accident=0; Door=1; TempC=19.6
[2018-10-12 16:16:59] Truck 3: 47.59772,-52.71675; Accident=0; Door=0; TempC=19.7
[2018-10-12 16:17:04] Truck 0: 47.59759,-52.71712; Accident=0; Door=0; TempC=20.3
[2018-10-12 16:17:04] Truck 1: 47.60004,-52.71219; Accident=1; Door=0; TempC=21.1
[2018-10-12 16:17:04] Truck 2: 47.54891,-52.71948; Accident=0; Door=1; TempC=19.7
[2018-10-12 16:17:04] Truck 3: 47.59743,-52.71758; Accident=1; Door=0; TempC=19.7
[2018-10-12 16:17:09] Truck 0: 47.59855,-52.71467; Accident=0; Door=0; TempC=20.3
[2018-10-12 16:17:09] Truck 1: 47.60004,-52.71219; Accident=1; Door=0; TempC=21.1
[2018-10-12 16:17:09] Truck 2: 47.54891,-52.71948; Accident=0; Door=1; TempC=19.8
[2018-10-12 16:17:09] Truck 3: 47.59743,-52.71758; Accident=1; Door=0; TempC=19.7
[2018-10-12 16:17:14] Truck 0: 47.59882,-52.71366; Accident=0; Door=1; TempC=20.4
[2018-10-12 16:17:14] Truck 1: 47.60004,-52.71219; Accident=1; Door=0; TempC=21.1
[2018-10-12 16:17:14] Truck 2: 47.54891,-52.71948; Accident=0; Door=1; TempC=19.9
[2018-10-12 16:17:14] Truck 3: 47.59743,-52.71758; Accident=1; Door=0; TempC=19.7
[2018-10-12 16:17:19] Truck 0: 47.59882,-52.71366; Accident=0; Door=1; TempC=20.5
[2018-10-12 16:17:19] Truck 1: 47.60004,-52.71219; Accident=0; Door=0; TempC=21.7
[2018-10-12 16:17:19] Truck 2: 47.54891,-52.71948; Accident=0; Door=1; TempC=20.0
[2018-10-12 16:17:19] Truck 3: 47.59743,-52.71758; Accident=1; Door=0; TempC=19.7
[2018-10-12 16:17:24] Truck 0: 47.59882,-52.71366; Accident=0; Door=1; TempC=20.6
[2018-10-12 16:17:24] Truck 1: 47.59896,-52.71137; Accident=0; Door=0; TempC=21.7
[2018-10-12 16:17:24] Truck 2: 47.54891,-52.71948; Accident=0; Door=0; TempC=20.0
[2018-10-12 16:17:24] Truck 3: 47.59743,-52.71758; Accident=1; Door=0; TempC=19.7
[2018-10-12 16:17:29] Truck 0: 47.59882,-52.71366; Accident=0; Door=1; TempC=20.7
[2018-10-12 16:17:29] Truck 1: 47.59745,-52.71060; Accident=0; Door=0; TempC=21.0
[2018-10-12 16:17:29] Truck 2: 47.54876,-52.71911; Accident=0; Door=0; TempC=20.0
[2018-10-12 16:17:29] Truck 3: 47.59743,-52.71758; Accident=1; Door=0; TempC=20.6
[2018-10-12 16:17:34] Truck 0: 47.59882,-52.71366; Accident=0; Door=1; TempC=20.8
[2018-10-12 16:17:34] Truck 1: 47.59490,-52.70960; Accident=0; Door=0; TempC=21.0
[2018-10-12 16:17:34] Truck 2: 47.54865,-52.71874; Accident=0; Door=0; TempC=20.0
[2018-10-12 16:17:34] Truck 3: 47.59743,-52.71758; Accident=1; Door=0; TempC=20.6
[2018-10-12 16:17:39] Truck 0: 47.59882,-52.71366; Accident=0; Door=1; TempC=20.9
[2018-10-12 16:17:39] Truck 1: 47.59328,-52.70966; Accident=0; Door=0; TempC=21.0
[2018-10-12 16:17:39] Truck 2: 47.54863,-52.71856; Accident=0; Door=0; TempC=20.0
[2018-10-12 16:17:39] Truck 3: 47.59743,-52.71758; Accident=1; Door=0; TempC=21.6
[2018-10-12 16:17:44] Truck 0: 47.59882,-52.71366; Accident=0; Door=0; TempC=20.9
[2018-10-12 16:17:44] Truck 1: 47.59302,-52.71058; Accident=0; Door=0; TempC=21.0
[2018-10-12 16:17:44] Truck 2: 47.54865,-52.71807; Accident=0; Door=0; TempC=20.0
[2018-10-12 16:17:44] Truck 3: 47.59743,-52.71758; Accident=1; Door=0; TempC=21.6
[2018-10-12 16:17:49] Truck 0: 47.59889,-52.71263; Accident=0; Door=0; TempC=21.2
[2018-10-12 16:17:49] Truck 1: 47.59274,-52.71259; Accident=0; Door=0; TempC=21.0
[2018-10-12 16:17:49] Truck 2: 47.54867,-52.71758; Accident=0; Door=0; TempC=20.0
[2018-10-12 16:17:49] Truck 3: 47.59743,-52.71758; Accident=1; Door=0; TempC=22.3
[2018-10-12 16:17:54] Truck 0: 47.59946,-52.71078; Accident=0; Door=0; TempC=21.2
[2018-10-12 16:17:55] Truck 1: 47.59235,-52.71454; Accident=0; Door=0; TempC=21.0
[2018-10-12 16:17:55] Truck 2: 47.54865,-52.71743; Accident=0; Door=0; TempC=20.3
[2018-10-12 16:17:55] Truck 3: 47.59743,-52.71758; Accident=1; Door=0; TempC=21.7
[2018-10-12 16:18:00] Truck 0: 47.59993,-52.70963; Accident=0; Door=0; TempC=21.2
[2018-10-12 16:18:00] Truck 1: 47.59196,-52.71659; Accident=0; Door=0; TempC=20.3
[2018-10-12 16:18:00] Truck 2: 47.54859,-52.71723; Accident=0; Door=0; TempC=20.3
[2018-10-12 16:18:00] Truck 3: 47.59743,-52.71758; Accident=1; Door=0; TempC=21.7
[2018-10-12 16:18:05] Truck 0: 47.60055,-52.70866; Accident=0; Door=0; TempC=21.2
[2018-10-12 16:18:05] Truck 1: 47.59163,-52.71780; Accident=0; Door=0; TempC=19.9
[2018-10-12 16:18:05] Truck 2: 47.54851,-52.71709; Accident=0; Door=0; TempC=20.3
[2018-10-12 16:18:05] Truck 3: 47.59743,-52.71758; Accident=0; Door=0; TempC=21.7
[2018-10-12 16:18:10] Truck 0: 47.60121,-52.70696; Accident=0; Door=0; TempC=21.2
[2018-10-12 16:18:10] Truck 1: 47.59107,-52.71871; Accident=0; Door=0; TempC=19.9
[2018-10-12 16:18:10] Truck 2: 47.54841,-52.71702; Accident=0; Door=0; TempC=20.9
[2018-10-12 16:18:10] Truck 3: 47.59735,-52.71797; Accident=0; Door=0; TempC=21.7
[2018-10-12 16:18:15] Truck 0: 47.60138,-52.70582; Accident=0; Door=0; TempC=21.2
[2018-10-12 16:18:15] Truck 1: 47.59030,-52.71963; Accident=0; Door=0; TempC=19.9
[2018-10-12 16:18:15] Truck 2: 47.54831,-52.71704; Accident=0; Door=0; TempC=20.9
[2018-10-12 16:18:15] Truck 3: 47.59732,-52.71827; Accident=0; Door=0; TempC=21.7
[2018-10-12 16:18:20] Truck 0: 47.60149,-52.70457; Accident=0; Door=0; TempC=21.2
[2018-10-12 16:18:20] Truck 1: 47.58876,-52.72030; Accident=0; Door=0; TempC=19.9
[2018-10-12 16:18:20] Truck 2: 47.54817,-52.71715; Accident=0; Door=0; TempC=20.9
[2018-10-12 16:18:20] Truck 3: 47.59729,-52.71862; Accident=0; Door=0; TempC=21.7
[2018-10-12 16:18:25] Truck 0: 47.60161,-52.70335; Accident=0; Door=0; TempC=21.2
[2018-10-12 16:18:25] Truck 1: 47.58784,-52.72137; Accident=0; Door=0; TempC=19.9
[2018-10-12 16:18:25] Truck 2: 47.54687,-52.71830; Accident=0; Door=0; TempC=20.9
[2018-10-12 16:18:25] Truck 3: 47.59731,-52.71910; Accident=0; Door=0; TempC=21.7
[2018-10-12 16:18:30] Truck 0: 47.60145,-52.70225; Accident=0; Door=0; TempC=21.2
[2018-10-12 16:18:30] Truck 1: 47.58694,-52.72217; Accident=0; Door=0; TempC=19.9
[2018-10-12 16:18:30] Truck 2: 47.54598,-52.71924; Accident=0; Door=0; TempC=20.9
[2018-10-12 16:18:30] Truck 3: 47.59743,-52.72121; Accident=0; Door=0; TempC=21.7
[2018-10-12 16:18:35] Truck 0: 47.60034,-52.70107; Accident=0; Door=0; TempC=21.1
[2018-10-12 16:18:35] Truck 1: 47.58554,-52.72261; Accident=0; Door=0; TempC=19.9
[2018-10-12 16:18:35] Truck 2: 47.54587,-52.71934; Accident=0; Door=0; TempC=20.9
[2018-10-12 16:18:35] Truck 3: 47.59742,-52.72162; Accident=0; Door=0; TempC=21.7
[2018-10-12 16:18:40] Truck 0: 47.59937,-52.70036; Accident=0; Door=0; TempC=20.1
[2018-10-12 16:18:40] Truck 1: 47.58393,-52.72233; Accident=0; Door=0; TempC=19.9
[2018-10-12 16:18:40] Truck 2: 47.54576,-52.71939; Accident=0; Door=0; TempC=20.9
[2018-10-12 16:18:40] Truck 3: 47.59738,-52.72192; Accident=0; Door=0; TempC=21.7
[2018-10-12 16:18:45] Truck 0: 47.59862,-52.69896; Accident=0; Door=0; TempC=20.3
[2018-10-12 16:18:45] Truck 1: 47.58250,-52.72293; Accident=0; Door=0; TempC=19.9
[2018-10-12 16:18:45] Truck 2: 47.54561,-52.71937; Accident=0; Door=0; TempC=20.9
[2018-10-12 16:18:45] Truck 3: 47.59727,-52.72224; Accident=0; Door=0; TempC=22.6
[2018-10-12 16:18:50] Truck 0: 47.59786,-52.69710; Accident=0; Door=0; TempC=19.4
[2018-10-12 16:18:50] Truck 1: 47.58131,-52.72495; Accident=0; Door=0; TempC=19.0
[2018-10-12 16:18:50] Truck 2: 47.54551,-52.71929; Accident=0; Door=0; TempC=20.9
[2018-10-12 16:18:50] Truck 3: 47.59710,-52.72261; Accident=0; Door=0; TempC=22.6
[2018-10-12 16:18:55] Truck 0: 47.59731,-52.69548; Accident=0; Door=0; TempC=19.4
[2018-10-12 16:18:55] Truck 1: 47.58073,-52.72587; Accident=0; Door=0; TempC=19.0
[2018-10-12 16:18:55] Truck 2: 47.54544,-52.71917; Accident=0; Door=0; TempC=20.9
[2018-10-12 16:18:55] Truck 3: 47.59637,-52.72399; Accident=0; Door=0; TempC=22.6
[2018-10-12 16:19:00] Truck 0: 47.59687,-52.69449; Accident=0; Door=0; TempC=19.4
[2018-10-12 16:19:00] Truck 1: 47.57951,-52.72691; Accident=0; Door=0; TempC=19.0
[2018-10-12 16:19:00] Truck 2: 47.54539,-52.71901; Accident=0; Door=0; TempC=20.9
[2018-10-12 16:19:00] Truck 3: 47.59549,-52.72589; Accident=0; Door=0; TempC=22.3
[2018-10-12 16:19:05] Truck 0: 47.59634,-52.69365; Accident=0; Door=0; TempC=19.4
[2018-10-12 16:19:05] Truck 1: 47.57849,-52.72781; Accident=0; Door=0; TempC=19.0
[2018-10-12 16:19:05] Truck 2: 47.54540,-52.71881; Accident=0; Door=0; TempC=20.9
[2018-10-12 16:19:05] Truck 3: 47.59548,-52.72603; Accident=0; Door=0; TempC=22.3
[2018-10-12 16:19:10] Truck 0: 47.59595,-52.69275; Accident=0; Door=0; TempC=19.4
[2018-10-12 16:19:10] Truck 1: 47.57760,-52.72886; Accident=0; Door=0; TempC=19.0
[2018-10-12 16:19:10] Truck 2: 47.54549,-52.71854; Accident=0; Door=0; TempC=20.9
[2018-10-12 16:19:10] Truck 3: 47.59547,-52.72623; Accident=0; Door=0; TempC=22.3
[2018-10-12 16:19:15] Truck 0: 47.59575,-52.69166; Accident=0; Door=0; TempC=19.4
[2018-10-12 16:19:15] Truck 1: 47.57544,-52.73172; Accident=0; Door=0; TempC=19.6
[2018-10-12 16:19:15] Truck 2: 47.54596,-52.71796; Accident=0; Door=0; TempC=21.7
[2018-10-12 16:19:15] Truck 3: 47.59550,-52.72638; Accident=0; Door=0; TempC=22.3
[2018-10-12 16:19:20] Truck 0: 47.59551,-52.69063; Accident=0; Door=0; TempC=19.4
[2018-10-12 16:19:20] Truck 1: 47.57434,-52.73327; Accident=0; Door=0; TempC=20.3
[2018-10-12 16:19:20] Truck 2: 47.54650,-52.71723; Accident=0; Door=0; TempC=21.7
[2018-10-12 16:19:20] Truck 3: 47.59559,-52.72652; Accident=0; Door=0; TempC=22.0
[2018-10-12 16:19:25] Truck 0: 47.59518,-52.68971; Accident=0; Door=0; TempC=19.4
[2018-10-12 16:19:25] Truck 1: 47.57199,-52.73652; Accident=0; Door=0; TempC=21.3
[2018-10-12 16:19:25] Truck 2: 47.54661,-52.71703; Accident=0; Door=0; TempC=21.7
[2018-10-12 16:19:25] Truck 3: 47.59587,-52.72669; Accident=0; Door=0; TempC=21.9
[2018-10-12 16:19:30] Truck 0: 47.59467,-52.68880; Accident=0; Door=0; TempC=19.1
[2018-10-12 16:19:30] Truck 1: 47.57134,-52.73757; Accident=0; Door=0; TempC=21.7
[2018-10-12 16:19:30] Truck 2: 47.54689,-52.71645; Accident=0; Door=0; TempC=21.4
[2018-10-12 16:19:30] Truck 3: 47.59668,-52.72724; Accident=0; Door=0; TempC=21.9
[2018-10-12 16:19:35] Truck 0: 47.59360,-52.68793; Accident=0; Door=0; TempC=19.1
[2018-10-12 16:19:35] Truck 1: 47.56985,-52.74095; Accident=0; Door=0; TempC=21.7
[2018-10-12 16:19:35] Truck 2: 47.54709,-52.71594; Accident=0; Door=0; TempC=21.4
[2018-10-12 16:19:35] Truck 3: 47.59744,-52.72782; Accident=0; Door=0; TempC=21.9
[2018-10-12 16:19:40] Truck 0: 47.59209,-52.68712; Accident=0; Door=0; TempC=19.1
[2018-10-12 16:19:40] Truck 1: 47.56942,-52.74191; Accident=0; Door=0; TempC=21.7
[2018-10-12 16:19:40] Truck 2: 47.54738,-52.71534; Accident=0; Door=1; TempC=21.5
[2018-10-12 16:19:40] Truck 3: 47.59786,-52.72819; Accident=0; Door=0; TempC=21.9
[2018-10-12 16:19:45] Truck 0: 47.59132,-52.68633; Accident=0; Door=0; TempC=19.1
[2018-10-12 16:19:45] Truck 1: 47.56894,-52.74284; Accident=0; Door=0; TempC=21.7
[2018-10-12 16:19:45] Truck 2: 47.54738,-52.71534; Accident=0; Door=1; TempC=21.6
[2018-10-12 16:19:45] Truck 3: 47.59815,-52.72844; Accident=0; Door=0; TempC=21.5
[2018-10-12 16:19:50] Truck 0: 47.59001,-52.68587; Accident=0; Door=0; TempC=18.1
[2018-10-12 16:19:50] Truck 1: 47.56833,-52.74381; Accident=0; Door=0; TempC=22.7
[2018-10-12 16:19:50] Truck 2: 47.54738,-52.71534; Accident=0; Door=1; TempC=21.7
[2018-10-12 16:19:50] Truck 3: 47.59835,-52.72867; Accident=0; Door=0; TempC=21.5
[2018-10-12 16:19:55] Truck 0: 47.58858,-52.68497; Accident=0; Door=0; TempC=18.1
[2018-10-12 16:19:55] Truck 1: 47.56750,-52.74486; Accident=0; Door=0; TempC=22.7
[2018-10-12 16:19:55] Truck 2: 47.54738,-52.71534; Accident=0; Door=1; TempC=21.8
[2018-10-12 16:19:55] Truck 3: 47.59877,-52.72913; Accident=0; Door=0; TempC=21.5
[2018-10-12 16:20:00] Truck 0: 47.58761,-52.68420; Accident=0; Door=0; TempC=18.8
[2018-10-12 16:20:00] Truck 1: 47.56505,-52.74754; Accident=0; Door=0; TempC=21.9
[2018-10-12 16:20:00] Truck 2: 47.54738,-52.71534; Accident=0; Door=1; TempC=21.9
[2018-10-12 16:20:00] Truck 3: 47.59901,-52.72945; Accident=0; Door=0; TempC=21.5
[2018-10-12 16:20:05] Truck 0: 47.58558,-52.68430; Accident=0; Door=0; TempC=18.2
[2018-10-12 16:20:05] Truck 1: 47.56413,-52.74835; Accident=0; Door=0; TempC=21.9
[2018-10-12 16:20:05] Truck 2: 47.54738,-52.71534; Accident=0; Door=1; TempC=22.0
[2018-10-12 16:20:05] Truck 3: 47.59947,-52.73020; Accident=0; Door=0; TempC=22.0
[2018-10-12 16:20:10] Truck 0: 47.58463,-52.68321; Accident=0; Door=0; TempC=18.2
[2018-10-12 16:20:10] Truck 1: 47.56291,-52.74892; Accident=0; Door=0; TempC=21.9
[2018-10-12 16:20:10] Truck 2: 47.54738,-52.71534; Accident=0; Door=0; TempC=22.0
[2018-10-12 16:20:10] Truck 3: 47.59975,-52.73080; Accident=0; Door=0; TempC=22.0
[2018-10-12 16:20:15] Truck 0: 47.58488,-52.68193; Accident=0; Door=0; TempC=19.1
[2018-10-12 16:20:15] Truck 1: 47.56084,-52.74857; Accident=0; Door=0; TempC=21.9
[2018-10-12 16:20:15] Truck 2: 47.54753,-52.71506; Accident=0; Door=0; TempC=22.0
[2018-10-12 16:20:15] Truck 3: 47.59996,-52.73135; Accident=0; Door=0; TempC=22.0
[2018-10-12 16:20:20] Truck 0: 47.58475,-52.68080; Accident=0; Door=0; TempC=19.1
[2018-10-12 16:20:20] Truck 1: 47.55954,-52.74751; Accident=0; Door=0; TempC=21.9
[2018-10-12 16:20:20] Truck 2: 47.54767,-52.71475; Accident=0; Door=0; TempC=22.0
[2018-10-12 16:20:20] Truck 3: 47.60014,-52.73190; Accident=0; Door=0; TempC=21.1
[2018-10-12 16:20:25] Truck 0: 47.58374,-52.67918; Accident=0; Door=0; TempC=19.1
[2018-10-12 16:20:25] Truck 1: 47.55835,-52.74622; Accident=0; Door=0; TempC=22.2
[2018-10-12 16:20:25] Truck 2: 47.54776,-52.71441; Accident=0; Door=0; TempC=21.0
[2018-10-12 16:20:25] Truck 3: 47.60032,-52.73259; Accident=0; Door=0; TempC=20.9
[2018-10-12 16:20:30] Truck 0: 47.58235,-52.67868; Accident=0; Door=0; TempC=19.1
[2018-10-12 16:20:30] Truck 1: 47.55718,-52.74557; Accident=0; Door=0; TempC=21.9
[2018-10-12 16:20:30] Truck 2: 47.54782,-52.71403; Accident=0; Door=0; TempC=20.8
[2018-10-12 16:20:30] Truck 3: 47.60066,-52.73388; Accident=0; Door=0; TempC=21.4
[2018-10-12 16:20:35] Truck 0: 47.58162,-52.67773; Accident=0; Door=0; TempC=19.1
[2018-10-12 16:20:35] Truck 1: 47.55556,-52.74562; Accident=0; Door=0; TempC=21.9
[2018-10-12 16:20:35] Truck 2: 47.54784,-52.71333; Accident=0; Door=0; TempC=21.5
[2018-10-12 16:20:35] Truck 3: 47.60155,-52.73732; Accident=0; Door=0; TempC=21.4
[2018-10-12 16:20:40] Truck 0: 47.58151,-52.67664; Accident=1; Door=0; TempC=19.9
[2018-10-12 16:20:40] Truck 1: 47.55396,-52.74619; Accident=0; Door=0; TempC=21.9
[2018-10-12 16:20:40] Truck 2: 47.54787,-52.71009; Accident=0; Door=0; TempC=21.5
[2018-10-12 16:20:40] Truck 3: 47.60214,-52.73932; Accident=0; Door=0; TempC=21.4
[2018-10-12 16:20:45] Truck 0: 47.58151,-52.67664; Accident=1; Door=0; TempC=19.9
[2018-10-12 16:20:45] Truck 1: 47.55294,-52.74702; Accident=0; Door=0; TempC=21.9
[2018-10-12 16:20:45] Truck 2: 47.54781,-52.70939; Accident=0; Door=0; TempC=21.5
[2018-10-12 16:20:45] Truck 3: 47.60247,-52.74028; Accident=0; Door=0; TempC=21.4
[2018-10-12 16:20:50] Truck 0: 47.58151,-52.67664; Accident=1; Door=0; TempC=19.9
[2018-10-12 16:20:50] Truck 1: 47.55206,-52.74804; Accident=0; Door=0; TempC=21.9
[2018-10-12 16:20:50] Truck 2: 47.54775,-52.70911; Accident=0; Door=0; TempC=22.1
[2018-10-12 16:20:50] Truck 3: 47.60289,-52.74115; Accident=0; Door=0; TempC=21.3
[2018-10-12 16:20:55] Truck 0: 47.58151,-52.67664; Accident=1; Door=0; TempC=19.9
[2018-10-12 16:20:55] Truck 1: 47.55099,-52.74882; Accident=0; Door=0; TempC=21.9
[2018-10-12 16:20:55] Truck 2: 47.54768,-52.70886; Accident=0; Door=0; TempC=22.1
[2018-10-12 16:20:55] Truck 3: 47.60306,-52.74143; Accident=0; Door=0; TempC=20.9
[2018-10-12 16:21:00] Truck 0: 47.58151,-52.67664; Accident=1; Door=0; TempC=19.9
[2018-10-12 16:21:00] Truck 1: 47.54933,-52.74827; Accident=0; Door=0; TempC=21.9
[2018-10-12 16:21:00] Truck 2: 47.54758,-52.70864; Accident=0; Door=0; TempC=21.1
[2018-10-12 16:21:00] Truck 3: 47.60345,-52.74198; Accident=0; Door=0; TempC=20.9
[2018-10-12 16:21:05] Truck 0: 47.58151,-52.67664; Accident=1; Door=0; TempC=19.9
[2018-10-12 16:21:05] Truck 1: 47.54814,-52.74767; Accident=0; Door=0; TempC=21.1
[2018-10-12 16:21:05] Truck 2: 47.54745,-52.70843; Accident=0; Door=0; TempC=21.1
[2018-10-12 16:21:05] Truck 3: 47.60379,-52.74238; Accident=0; Door=0; TempC=21.3
[2018-10-12 16:21:10] Truck 0: 47.58151,-52.67664; Accident=1; Door=0; TempC=19.1
[2018-10-12 16:21:10] Truck 1: 47.54734,-52.74656; Accident=0; Door=0; TempC=21.1
[2018-10-12 16:21:10] Truck 2: 47.54646,-52.70705; Accident=0; Door=0; TempC=20.7
[2018-10-12 16:21:10] Truck 3: 47.60404,-52.74262; Accident=0; Door=0; TempC=21.8
[2018-10-12 16:21:15] Truck 0: 47.58151,-52.67664; Accident=1; Door=0; TempC=19.1
[2018-10-12 16:21:15] Truck 1: 47.54619,-52.74587; Accident=0; Door=0; TempC=21.1
[2018-10-12 16:21:15] Truck 2: 47.54628,-52.70687; Accident=0; Door=0; TempC=21.4
[2018-10-12 16:21:15] Truck 3: 47.60430,-52.74284; Accident=0; Door=0; TempC=21.8
[2018-10-12 16:21:20] Truck 0: 47.58151,-52.67664; Accident=1; Door=0; TempC=19.1
[2018-10-12 16:21:20] Truck 1: 47.54439,-52.74580; Accident=0; Door=0; TempC=21.0
[2018-10-12 16:21:20] Truck 2: 47.54612,-52.70676; Accident=0; Door=0; TempC=21.4
[2018-10-12 16:21:20] Truck 3: 47.60480,-52.74318; Accident=0; Door=0; TempC=21.8
[2018-10-12 16:21:25] Truck 0: 47.58151,-52.67664; Accident=1; Door=0; TempC=19.1
[2018-10-12 16:21:25] Truck 1: 47.54328,-52.74646; Accident=0; Door=0; TempC=21.4
[2018-10-12 16:21:25] Truck 2: 47.54597,-52.70671; Accident=0; Door=0; TempC=21.4
[2018-10-12 16:21:25] Truck 3: 47.60519,-52.74339; Accident=0; Door=0; TempC=21.8
[2018-10-12 16:21:30] Truck 0: 47.58151,-52.67664; Accident=1; Door=0; TempC=19.1
[2018-10-12 16:21:30] Truck 1: 47.54277,-52.74752; Accident=0; Door=0; TempC=21.4
[2018-10-12 16:21:30] Truck 2: 47.54583,-52.70670; Accident=0; Door=0; TempC=21.4
[2018-10-12 16:21:30] Truck 3: 47.60560,-52.74355; Accident=0; Door=0; TempC=21.0
[2018-10-12 16:21:35] Truck 0: 47.58151,-52.67664; Accident=1; Door=0; TempC=19.1
[2018-10-12 16:21:35] Truck 1: 47.54197,-52.74938; Accident=0; Door=0; TempC=21.4
[2018-10-12 16:21:35] Truck 2: 47.54562,-52.70676; Accident=0; Door=0; TempC=20.6
[2018-10-12 16:21:35] Truck 3: 47.60658,-52.74380; Accident=0; Door=0; TempC=21.0
[2018-10-12 16:21:40] Truck 0: 47.58151,-52.67664; Accident=0; Door=0; TempC=19.1
[2018-10-12 16:21:40] Truck 1: 47.54131,-52.75095; Accident=1; Door=0; TempC=21.4
[2018-10-12 16:21:40] Truck 2: 47.54545,-52.70687; Accident=0; Door=0; TempC=20.6
[2018-10-12 16:21:40] Truck 3: 47.60722,-52.74394; Accident=0; Door=0; TempC=21.0
[2018-10-12 16:21:45] Truck 0: 47.58136,-52.67638; Accident=0; Door=0; TempC=19.1
[2018-10-12 16:21:45] Truck 1: 47.54131,-52.75095; Accident=1; Door=0; TempC=21.4
[2018-10-12 16:21:45] Truck 2: 47.54456,-52.70770; Accident=0; Door=0; TempC=20.6
[2018-10-12 16:21:45] Truck 3: 47.60763,-52.74407; Accident=0; Door=0; TempC=20.6
[2018-10-12 16:21:50] Truck 0: 47.58163,-52.67781; Accident=0; Door=0; TempC=19.1
[2018-10-12 16:21:50] Truck 1: 47.54131,-52.75095; Accident=1; Door=0; TempC=21.4
[2018-10-12 16:21:50] Truck 2: 47.54405,-52.70818; Accident=0; Door=0; TempC=20.6
[2018-10-12 16:21:50] Truck 3: 47.60792,-52.74421; Accident=0; Door=0; TempC=20.6
[2018-10-12 16:21:55] Truck 0: 47.58158,-52.67874; Accident=0; Door=0; TempC=19.1
[2018-10-12 16:21:55] Truck 1: 47.54131,-52.75095; Accident=1; Door=0; TempC=21.4
[2018-10-12 16:21:55] Truck 2: 47.54366,-52.70850; Accident=0; Door=0; TempC=20.8
[2018-10-12 16:21:55] Truck 3: 47.60817,-52.74436; Accident=0; Door=0; TempC=20.6
[2018-10-12 16:22:00] Truck 0: 47.58312,-52.67874; Accident=0; Door=0; TempC=19.1
[2018-10-12 16:22:00] Truck 1: 47.54131,-52.75095; Accident=1; Door=0; TempC=21.4
[2018-10-12 16:22:00] Truck 2: 47.54336,-52.70872; Accident=0; Door=0; TempC=20.8
[2018-10-12 16:22:00] Truck 3: 47.60843,-52.74456; Accident=0; Door=0; TempC=20.6
[2018-10-12 16:22:05] Truck 0: 47.58449,-52.68034; Accident=0; Door=0; TempC=19.1
[2018-10-12 16:22:05] Truck 1: 47.54131,-52.75095; Accident=1; Door=0; TempC=21.4
[2018-10-12 16:22:05] Truck 2: 47.54273,-52.70916; Accident=0; Door=0; TempC=20.8
[2018-10-12 16:22:05] Truck 3: 47.60873,-52.74483; Accident=0; Door=0; TempC=20.3
[2018-10-12 16:22:10] Truck 0: 47.58488,-52.68121; Accident=0; Door=0; TempC=19.7
[2018-10-12 16:22:10] Truck 1: 47.54131,-52.75095; Accident=1; Door=0; TempC=21.4
[2018-10-12 16:22:10] Truck 2: 47.54216,-52.70966; Accident=0; Door=0; TempC=20.8
[2018-10-12 16:22:10] Truck 3: 47.60903,-52.74516; Accident=0; Door=0; TempC=20.0
[2018-10-12 16:22:15] Truck 0: 47.58471,-52.68278; Accident=0; Door=0; TempC=19.3
[2018-10-12 16:22:15] Truck 1: 47.54131,-52.75095; Accident=1; Door=0; TempC=21.4
[2018-10-12 16:22:15] Truck 2: 47.54169,-52.71015; Accident=0; Door=0; TempC=20.8
[2018-10-12 16:22:15] Truck 3: 47.60933,-52.74558; Accident=0; Door=0; TempC=20.0
[2018-10-12 16:22:20] Truck 0: 47.58449,-52.68403; Accident=0; Door=0; TempC=19.3
[2018-10-12 16:22:20] Truck 1: 47.54131,-52.75095; Accident=1; Door=0; TempC=21.4
[2018-10-12 16:22:20] Truck 2: 47.54078,-52.71129; Accident=0; Door=0; TempC=20.8
[2018-10-12 16:22:20] Truck 3: 47.60970,-52.74624; Accident=0; Door=0; TempC=20.0
[2018-10-12 16:22:25] Truck 0: 47.58662,-52.68422; Accident=0; Door=0; TempC=18.8
[2018-10-12 16:22:25] Truck 1: 47.54131,-52.75095; Accident=1; Door=0; TempC=21.4
[2018-10-12 16:22:25] Truck 2: 47.54058,-52.71161; Accident=0; Door=0; TempC=20.8
[2018-10-12 16:22:25] Truck 3: 47.60996,-52.74693; Accident=0; Door=0; TempC=19.3
[2018-10-12 16:22:30] Truck 0: 47.58811,-52.68444; Accident=0; Door=0; TempC=18.8
[2018-10-12 16:22:30] Truck 1: 47.54131,-52.75095; Accident=1; Door=0; TempC=21.4
[2018-10-12 16:22:30] Truck 2: 47.54037,-52.71211; Accident=0; Door=0; TempC=21.7
[2018-10-12 16:22:30] Truck 3: 47.61008,-52.74735; Accident=0; Door=0; TempC=20.1
[2018-10-12 16:22:35] Truck 0: 47.58986,-52.68579; Accident=0; Door=0; TempC=18.8
[2018-10-12 16:22:35] Truck 1: 47.54131,-52.75095; Accident=1; Door=0; TempC=22.1
[2018-10-12 16:22:35] Truck 2: 47.54020,-52.71237; Accident=0; Door=0; TempC=21.4
[2018-10-12 16:22:35] Truck 3: 47.61073,-52.75053; Accident=0; Door=0; TempC=20.1
[2018-10-12 16:22:40] Truck 0: 47.59131,-52.68628; Accident=0; Door=0; TempC=18.8
[2018-10-12 16:22:40] Truck 1: 47.54131,-52.75095; Accident=0; Door=0; TempC=21.1
[2018-10-12 16:22:40] Truck 2: 47.54000,-52.71259; Accident=0; Door=0; TempC=21.4
[2018-10-12 16:22:40] Truck 3: 47.61076,-52.75077; Accident=0; Door=0; TempC=20.1
[2018-10-12 16:22:45] Truck 0: 47.59226,-52.68722; Accident=0; Door=0; TempC=18.8
[2018-10-12 16:22:45] Truck 1: 47.54082,-52.75190; Accident=0; Door=0; TempC=21.3
[2018-10-12 16:22:45] Truck 2: 47.53934,-52.71318; Accident=0; Door=1; TempC=21.5
[2018-10-12 16:22:45] Truck 3: 47.61077,-52.75089; Accident=0; Door=0; TempC=20.1
[2018-10-12 16:22:50] Truck 0: 47.59376,-52.68800; Accident=0; Door=0; TempC=18.8
[2018-10-12 16:22:50] Truck 1: 47.53983,-52.75273; Accident=0; Door=0; TempC=21.3
[2018-10-12 16:22:50] Truck 2: 47.53934,-52.71318; Accident=0; Door=1; TempC=21.6
[2018-10-12 16:22:50] Truck 3: 47.61113,-52.75262; Accident=0; Door=0; TempC=20.1
[2018-10-12 16:22:55] Truck 0: 47.59480,-52.68900; Accident=0; Door=0; TempC=18.8
[2018-10-12 16:22:55] Truck 1: 47.53816,-52.75287; Accident=0; Door=0; TempC=21.3
[2018-10-12 16:22:55] Truck 2: 47.53934,-52.71318; Accident=0; Door=1; TempC=21.7
[2018-10-12 16:22:55] Truck 3: 47.61131,-52.75354; Accident=0; Door=0; TempC=20.1
[2018-10-12 16:23:00] Truck 0: 47.59541,-52.69030; Accident=0; Door=0; TempC=18.8
[2018-10-12 16:23:00] Truck 1: 47.53771,-52.75380; Accident=0; Door=0; TempC=21.3
[2018-10-12 16:23:00] Truck 2: 47.53934,-52.71318; Accident=0; Door=1; TempC=21.8
[2018-10-12 16:23:00] Truck 3: 47.61132,-52.75371; Accident=0; Door=0; TempC=20.1
[2018-10-12 16:23:05] Truck 0: 47.59568,-52.69130; Accident=0; Door=0; TempC=19.3
[2018-10-12 16:23:05] Truck 1: 47.53729,-52.75489; Accident=0; Door=0; TempC=21.3
[2018-10-12 16:23:05] Truck 2: 47.53934,-52.71318; Accident=0; Door=1; TempC=21.9
[2018-10-12 16:23:05] Truck 3: 47.61144,-52.75454; Accident=0; Door=0; TempC=20.1
[2018-10-12 16:23:10] Truck 0: 47.59592,-52.69263; Accident=0; Door=0; TempC=19.3
[2018-10-12 16:23:10] Truck 1: 47.53612,-52.75743; Accident=0; Door=0; TempC=21.3
[2018-10-12 16:23:10] Truck 2: 47.53934,-52.71318; Accident=0; Door=1; TempC=22.0
[2018-10-12 16:23:10] Truck 3: 47.61147,-52.75540; Accident=0; Door=0; TempC=20.1
[2018-10-12 16:23:15] Truck 0: 47.59628,-52.69355; Accident=0; Door=0; TempC=19.3
[2018-10-12 16:23:15] Truck 1: 47.53555,-52.75872; Accident=0; Door=0; TempC=21.3
[2018-10-12 16:23:15] Truck 2: 47.53934,-52.71318; Accident=0; Door=0; TempC=21.9
[2018-10-12 16:23:15] Truck 3: 47.61145,-52.75598; Accident=0; Door=0; TempC=19.9
[2018-10-12 16:23:20] Truck 0: 47.59705,-52.69485; Accident=0; Door=0; TempC=19.4
[2018-10-12 16:23:20] Truck 1: 47.53498,-52.75986; Accident=0; Door=0; TempC=21.3
[2018-10-12 16:23:20] Truck 2: 47.53917,-52.71331; Accident=0; Door=0; TempC=21.9
[2018-10-12 16:23:20] Truck 3: 47.61136,-52.75682; Accident=0; Door=0; TempC=19.9
[2018-10-12 16:23:25] Truck 0: 47.59779,-52.69691; Accident=0; Door=0; TempC=19.4
[2018-10-12 16:23:25] Truck 1: 47.53445,-52.76083; Accident=0; Door=0; TempC=21.3
[2018-10-12 16:23:25] Truck 2: 47.53893,-52.71345; Accident=0; Door=0; TempC=21.8
[2018-10-12 16:23:25] Truck 3: 47.61090,-52.75929; Accident=0; Door=0; TempC=19.9
[2018-10-12 16:23:30] Truck 0: 47.59822,-52.69799; Accident=0; Door=0; TempC=19.4
[2018-10-12 16:23:30] Truck 1: 47.53264,-52.76235; Accident=0; Door=0; TempC=21.3
[2018-10-12 16:23:30] Truck 2: 47.53865,-52.71355; Accident=0; Door=0; TempC=21.8
[2018-10-12 16:23:30] Truck 3: 47.61032,-52.76219; Accident=0; Door=0; TempC=19.9
[2018-10-12 16:23:35] Truck 0: 47.59892,-52.69970; Accident=0; Door=0; TempC=19.4
[2018-10-12 16:23:35] Truck 1: 47.53170,-52.76322; Accident=0; Door=0; TempC=21.3
[2018-10-12 16:23:35] Truck 2: 47.53833,-52.71356; Accident=0; Door=0; TempC=21.8
[2018-10-12 16:23:35] Truck 3: 47.61007,-52.76341; Accident=0; Door=0; TempC=19.9
[2018-10-12 16:23:40] Truck 0: 47.59981,-52.70066; Accident=0; Door=0; TempC=19.4
[2018-10-12 16:23:40] Truck 1: 47.53103,-52.76422; Accident=0; Door=0; TempC=21.3
[2018-10-12 16:23:40] Truck 2: 47.53815,-52.71352; Accident=0; Door=0; TempC=21.8
[2018-10-12 16:23:40] Truck 3: 47.60979,-52.76461; Accident=0; Door=0; TempC=19.9
[2018-10-12 16:23:45] Truck 0: 47.60086,-52.70154; Accident=0; Door=0; TempC=19.4
[2018-10-12 16:23:45] Truck 1: 47.52999,-52.76623; Accident=0; Door=0; TempC=21.3
[2018-10-12 16:23:45] Truck 2: 47.53789,-52.71342; Accident=0; Door=0; TempC=21.8
[2018-10-12 16:23:45] Truck 3: 47.60962,-52.76548; Accident=0; Door=0; TempC=19.9
[2018-10-12 16:23:50] Truck 0: 47.60156,-52.70257; Accident=0; Door=0; TempC=19.4
[2018-10-12 16:23:50] Truck 1: 47.52949,-52.76719; Accident=0; Door=0; TempC=20.3
[2018-10-12 16:23:50] Truck 2: 47.53703,-52.71302; Accident=0; Door=0; TempC=21.8
[2018-10-12 16:23:50] Truck 3: 47.60952,-52.76596; Accident=0; Door=0; TempC=19.9
[2018-10-12 16:23:55] Truck 0: 47.60159,-52.70360; Accident=0; Door=0; TempC=19.4
[2018-10-12 16:23:55] Truck 1: 47.52907,-52.76810; Accident=0; Door=0; TempC=20.3
[2018-10-12 16:23:55] Truck 2: 47.53657,-52.71273; Accident=0; Door=0; TempC=21.8
[2018-10-12 16:23:55] Truck 3: 47.60876,-52.76978; Accident=0; Door=0; TempC=19.9
[2018-10-12 16:24:00] Truck 0: 47.60138,-52.70580; Accident=0; Door=0; TempC=19.4
[2018-10-12 16:24:00] Truck 1: 47.52816,-52.77047; Accident=0; Door=0; TempC=20.3
[2018-10-12 16:24:00] Truck 2: 47.53630,-52.71251; Accident=0; Door=0; TempC=21.8
[2018-10-12 16:24:00] Truck 3: 47.60834,-52.77189; Accident=0; Door=0; TempC=19.9
[2018-10-12 16:24:05] Truck 0: 47.60127,-52.70678; Accident=0; Door=0; TempC=19.4
[2018-10-12 16:24:05] Truck 1: 47.52767,-52.77183; Accident=0; Door=0; TempC=20.3
[2018-10-12 16:24:05] Truck 2: 47.53555,-52.71172; Accident=0; Door=0; TempC=21.4
[2018-10-12 16:24:05] Truck 3: 47.60793,-52.77403; Accident=0; Door=0; TempC=19.9
[2018-10-12 16:24:10] Truck 0: 47.60073,-52.70822; Accident=0; Door=0; TempC=19.4
[2018-10-12 16:24:10] Truck 1: 47.52658,-52.77107; Accident=0; Door=0; TempC=20.3
[2018-10-12 16:24:10] Truck 2: 47.53363,-52.70965; Accident=0; Door=1; TempC=21.5
[2018-10-12 16:24:10] Truck 3: 47.60748,-52.77657; Accident=0; Door=0; TempC=19.9
[2018-10-12 16:24:15] Truck 0: 47.60006,-52.70941; Accident=0; Door=0; TempC=19.4
[2018-10-12 16:24:15] Truck 1: 47.52545,-52.76982; Accident=0; Door=0; TempC=20.3
[2018-10-12 16:24:15] Truck 2: 47.53363,-52.70965; Accident=0; Door=1; TempC=21.6
[2018-10-12 16:24:15] Truck 3: 47.60729,-52.77729; Accident=0; Door=0; TempC=19.9
[2018-10-12 16:24:20] Truck 0: 47.59965,-52.71033; Accident=0; Door=0; TempC=19.4
[2018-10-12 16:24:20] Truck 1: 47.52459,-52.77092; Accident=0; Door=1; TempC=20.4
[2018-10-12 16:24:20] Truck 2: 47.53363,-52.70965; Accident=0; Door=1; TempC=21.7
[2018-10-12 16:24:20] Truck 3: 47.60712,-52.77777; Accident=0; Door=0; TempC=19.6
[2018-10-12 16:24:25] Truck 0: 47.59918,-52.71150; Accident=0; Door=0; TempC=19.4
[2018-10-12 16:24:25] Truck 1: 47.52459,-52.77092; Accident=0; Door=1; TempC=20.5
[2018-10-12 16:24:25] Truck 2: 47.53363,-52.70965; Accident=0; Door=1; TempC=21.8
[2018-10-12 16:24:25] Truck 3: 47.60648,-52.77934; Accident=0; Door=0; TempC=19.6
[2018-10-12 16:24:30] Truck 0: 47.59891,-52.71246; Accident=0; Door=0; TempC=19.4
[2018-10-12 16:24:30] Truck 1: 47.52459,-52.77092; Accident=0; Door=1; TempC=20.6
[2018-10-12 16:24:30] Truck 2: 47.53363,-52.70965; Accident=0; Door=1; TempC=21.9
[2018-10-12 16:24:30] Truck 3: 47.60622,-52.78000; Accident=0; Door=0; TempC=19.6
[2018-10-12 16:24:35] Truck 0: 47.59883,-52.71351; Accident=0; Door=0; TempC=19.4
[2018-10-12 16:24:35] Truck 1: 47.52459,-52.77092; Accident=0; Door=1; TempC=20.7
[2018-10-12 16:24:35] Truck 2: 47.53363,-52.70965; Accident=0; Door=1; TempC=22.0
[2018-10-12 16:24:35] Truck 3: 47.60594,-52.78097; Accident=0; Door=0; TempC=19.6
[2018-10-12 16:24:40] Truck 0: 47.59860,-52.71454; Accident=1; Door=0; TempC=19.4
[2018-10-12 16:24:40] Truck 1: 47.52459,-52.77092; Accident=0; Door=1; TempC=20.8
[2018-10-12 16:24:40] Truck 2: 47.53363,-52.70965; Accident=0; Door=0; TempC=21.9
[2018-10-12 16:24:40] Truck 3: 47.60580,-52.78157; Accident=0; Door=0; TempC=19.6
[2018-10-12 16:24:45] Truck 0: 47.59860,-52.71454; Accident=1; Door=0; TempC=19.4
[2018-10-12 16:24:45] Truck 1: 47.52459,-52.77092; Accident=0; Door=0; TempC=20.8
[2018-10-12 16:24:45] Truck 2: 47.53258,-52.70851; Accident=0; Door=0; TempC=21.9
[2018-10-12 16:24:45] Truck 3: 47.60541,-52.78354; Accident=0; Door=0; TempC=19.6
[2018-10-12 16:24:50] Truck 0: 47.59860,-52.71454; Accident=1; Door=0; TempC=19.4
[2018-10-12 16:24:50] Truck 1: 47.52400,-52.77344; Accident=0; Door=0; TempC=20.3
[2018-10-12 16:24:50] Truck 2: 47.53214,-52.70807; Accident=0; Door=0; TempC=21.9
[2018-10-12 16:24:50] Truck 3: 47.60508,-52.78515; Accident=0; Door=0; TempC=19.6
[2018-10-12 16:24:55] Truck 0: 47.59860,-52.71454; Accident=1; Door=0; TempC=19.4
[2018-10-12 16:24:55] Truck 1: 47.52323,-52.77686; Accident=0; Door=0; TempC=20.3
[2018-10-12 16:24:55] Truck 2: 47.53185,-52.70781; Accident=0; Door=0; TempC=21.9
[2018-10-12 16:24:55] Truck 3: 47.60502,-52.78557; Accident=0; Door=0; TempC=20.3
[2018-10-12 16:25:00] Truck 0: 47.59860,-52.71454; Accident=1; Door=0; TempC=20.3
[2018-10-12 16:25:00] Truck 1: 47.52309,-52.77810; Accident=0; Door=0; TempC=20.3
[2018-10-12 16:25:00] Truck 2: 47.53152,-52.70755; Accident=0; Door=0; TempC=22.3
[2018-10-12 16:25:00] Truck 3: 47.60498,-52.78612; Accident=0; Door=0; TempC=20.3
[2018-10-12 16:25:05] Truck 0: 47.59860,-52.71454; Accident=1; Door=0; TempC=20.3
[2018-10-12 16:25:05] Truck 1: 47.52318,-52.77978; Accident=0; Door=0; TempC=20.3
[2018-10-12 16:25:05] Truck 2: 47.53122,-52.70735; Accident=0; Door=0; TempC=22.3
[2018-10-12 16:25:05] Truck 3: 47.60490,-52.78753; Accident=0; Door=0; TempC=20.3
[2018-10-12 16:25:10] Truck 0: 47.59860,-52.71454; Accident=1; Door=0; TempC=20.3
[2018-10-12 16:25:10] Truck 1: 47.52365,-52.78640; Accident=0; Door=0; TempC=20.3
[2018-10-12 16:25:10] Truck 2: 47.53091,-52.70718; Accident=0; Door=0; TempC=22.0
[2018-10-12 16:25:10] Truck 3: 47.60474,-52.79011; Accident=0; Door=0; TempC=20.3
[2018-10-12 16:25:15] Truck 0: 47.59860,-52.71454; Accident=1; Door=0; TempC=20.3
[2018-10-12 16:25:15] Truck 1: 47.52385,-52.78912; Accident=0; Door=0; TempC=20.3
[2018-10-12 16:25:15] Truck 2: 47.52896,-52.70621; Accident=0; Door=0; TempC=21.6
[2018-10-12 16:25:15] Truck 3: 47.60471,-52.79108; Accident=0; Door=0; TempC=20.3
[2018-10-12 16:25:20] Truck 0: 47.59860,-52.71454; Accident=1; Door=0; TempC=20.3
[2018-10-12 16:25:20] Truck 1: 47.52398,-52.79009; Accident=0; Door=0; TempC=20.3
[2018-10-12 16:25:20] Truck 2: 47.52866,-52.70609; Accident=0; Door=0; TempC=21.6
[2018-10-12 16:25:20] Truck 3: 47.60473,-52.79196; Accident=0; Door=0; TempC=20.3
[2018-10-12 16:25:25] Truck 0: 47.59860,-52.71454; Accident=1; Door=0; TempC=20.3
[2018-10-12 16:25:25] Truck 1: 47.52443,-52.79257; Accident=0; Door=0; TempC=20.3
[2018-10-12 16:25:25] Truck 2: 47.52833,-52.70601; Accident=0; Door=0; TempC=21.2
[2018-10-12 16:25:25] Truck 3: 47.60482,-52.79297; Accident=0; Door=0; TempC=20.3
[2018-10-12 16:25:30] Truck 0: 47.59860,-52.71454; Accident=1; Door=0; TempC=20.3
[2018-10-12 16:25:30] Truck 1: 47.52451,-52.79377; Accident=0; Door=0; TempC=20.3
[2018-10-12 16:25:30] Truck 2: 47.52768,-52.70594; Accident=0; Door=0; TempC=21.2
[2018-10-12 16:25:30] Truck 3: 47.60488,-52.79366; Accident=0; Door=0; TempC=20.3
[2018-10-12 16:25:35] Truck 0: 47.59860,-52.71454; Accident=1; Door=0; TempC=20.3
[2018-10-12 16:25:35] Truck 1: 47.52417,-52.79659; Accident=0; Door=0; TempC=20.3
[2018-10-12 16:25:35] Truck 2: 47.52743,-52.70596; Accident=0; Door=0; TempC=21.2
[2018-10-12 16:25:35] Truck 3: 47.60490,-52.79431; Accident=0; Door=0; TempC=20.3
[2018-10-12 16:25:40] Truck 0: 47.59860,-52.71454; Accident=0; Door=0; TempC=20.3
[2018-10-12 16:25:40] Truck 1: 47.52402,-52.79806; Accident=0; Door=0; TempC=20.3
[2018-10-12 16:25:40] Truck 2: 47.52709,-52.70602; Accident=0; Door=0; TempC=21.2
[2018-10-12 16:25:40] Truck 3: 47.60486,-52.79698; Accident=0; Door=0; TempC=20.3
[2018-10-12 16:25:45] Truck 0: 47.59772,-52.71675; Accident=0; Door=0; TempC=20.3
[2018-10-12 16:25:45] Truck 1: 47.52381,-52.79943; Accident=0; Door=0; TempC=20.3
[2018-10-12 16:25:45] Truck 2: 47.52674,-52.70613; Accident=0; Door=0; TempC=21.2
[2018-10-12 16:25:45] Truck 3: 47.60480,-52.79913; Accident=0; Door=0; TempC=20.3
[2018-10-12 16:25:50] Truck 0: 47.59735,-52.71797; Accident=0; Door=0; TempC=21.0
[2018-10-12 16:25:50] Truck 1: 47.52358,-52.80076; Accident=0; Door=0; TempC=20.3
[2018-10-12 16:25:50] Truck 2: 47.52594,-52.70645; Accident=0; Door=0; TempC=22.2
[2018-10-12 16:25:50] Truck 3: 47.60478,-52.79951; Accident=0; Door=0; TempC=20.3
[2018-10-12 16:25:55] Truck 0: 47.59731,-52.71910; Accident=0; Door=0; TempC=20.2
[2018-10-12 16:25:55] Truck 1: 47.52353,-52.80171; Accident=0; Door=0; TempC=20.3
[2018-10-12 16:25:55] Truck 2: 47.52506,-52.70683; Accident=0; Door=0; TempC=21.5
[2018-10-12 16:25:55] Truck 3: 47.60473,-52.79993; Accident=0; Door=0; TempC=20.3
[2018-10-12 16:26:00] Truck 0: 47.59743,-52.72121; Accident=0; Door=0; TempC=20.4
[2018-10-12 16:26:00] Truck 1: 47.52360,-52.80286; Accident=0; Door=0; TempC=20.3
[2018-10-12 16:26:00] Truck 2: 47.52458,-52.70701; Accident=0; Door=0; TempC=21.5
[2018-10-12 16:26:00] Truck 3: 47.60453,-52.80129; Accident=0; Door=0; TempC=20.3
[2018-10-12 16:26:05] Truck 0: 47.59727,-52.72224; Accident=0; Door=0; TempC=20.4
[2018-10-12 16:26:05] Truck 1: 47.52396,-52.80515; Accident=0; Door=0; TempC=20.3
[2018-10-12 16:26:05] Truck 2: 47.52225,-52.70794; Accident=0; Door=0; TempC=21.5
[2018-10-12 16:26:05] Truck 3: 47.60450,-52.80193; Accident=0; Door=0; TempC=20.3
[2018-10-12 16:26:10] Truck 0: 47.59637,-52.72399; Accident=0; Door=0; TempC=20.4
[2018-10-12 16:26:10] Truck 1: 47.52419,-52.80651; Accident=0; Door=0; TempC=20.3
[2018-10-12 16:26:10] Truck 2: 47.51983,-52.70895; Accident=0; Door=0; TempC=21.5
[2018-10-12 16:26:10] Truck 3: 47.60453,-52.80260; Accident=0; Door=0; TempC=20.9
[2018-10-12 16:26:15] Truck 0: 47.59549,-52.72589; Accident=0; Door=0; TempC=20.4
[2018-10-12 16:26:15] Truck 1: 47.52251,-52.80702; Accident=0; Door=0; TempC=20.3
[2018-10-12 16:26:15] Truck 2: 47.51858,-52.70941; Accident=0; Door=0; TempC=21.2
[2018-10-12 16:26:15] Truck 3: 47.60460,-52.80329; Accident=0; Door=0; TempC=20.9
[2018-10-12 16:26:20] Truck 0: 47.59668,-52.72724; Accident=0; Door=0; TempC=20.4
[2018-10-12 16:26:20] Truck 1: 47.52079,-52.80760; Accident=0; Door=0; TempC=20.3
[2018-10-12 16:26:20] Truck 2: 47.51776,-52.70965; Accident=0; Door=0; TempC=21.2
[2018-10-12 16:26:20] Truck 3: 47.60477,-52.80427; Accident=0; Door=0; TempC=20.9
[2018-10-12 16:26:25] Truck 0: 47.59786,-52.72819; Accident=0; Door=0; TempC=20.4
[2018-10-12 16:26:25] Truck 1: 47.51880,-52.80750; Accident=0; Door=0; TempC=20.5
[2018-10-12 16:26:25] Truck 2: 47.51737,-52.70973; Accident=0; Door=0; TempC=21.2
[2018-10-12 16:26:25] Truck 3: 47.60511,-52.80596; Accident=0; Door=0; TempC=20.9
[2018-10-12 16:26:30] Truck 0: 47.59877,-52.72913; Accident=0; Door=0; TempC=20.4
[2018-10-12 16:26:30] Truck 1: 47.51739,-52.80709; Accident=0; Door=1; TempC=20.6
[2018-10-12 16:26:30] Truck 2: 47.51699,-52.70979; Accident=0; Door=0; TempC=21.7
[2018-10-12 16:26:30] Truck 3: 47.60524,-52.80655; Accident=0; Door=0; TempC=20.9
[2018-10-12 16:26:35] Truck 0: 47.59947,-52.73020; Accident=0; Door=0; TempC=20.4
[2018-10-12 16:26:35] Truck 1: 47.51739,-52.80709; Accident=0; Door=1; TempC=20.7
[2018-10-12 16:26:35] Truck 2: 47.51660,-52.70982; Accident=0; Door=0; TempC=22.1
[2018-10-12 16:26:35] Truck 3: 47.60548,-52.80733; Accident=0; Door=0; TempC=20.9
Warning: User typed Ctrl-C.  Exiting.
